ERROR - 2023-05-10 15:27:32 --> Error connecting to the database: mysqli_sql_exception: No such file or directory in /Users/shenyuting/moneyKeeper/vendor/codeigniter4/framework/system/Database/MySQLi/Connection.php:174
Stack trace:
#0 /Users/shenyuting/moneyKeeper/vendor/codeigniter4/framework/system/Database/MySQLi/Connection.php(174): mysqli->real_connect('localhost', 'root', '', '', 3306, '', 0)
#1 /Users/shenyuting/moneyKeeper/vendor/codeigniter4/framework/system/Database/BaseConnection.php(391): CodeIgniter\Database\MySQLi\Connection->connect(false)
#2 /Users/shenyuting/moneyKeeper/vendor/codeigniter4/framework/system/Database/BaseConnection.php(574): CodeIgniter\Database\BaseConnection->initialize()
#3 /Users/shenyuting/moneyKeeper/vendor/codeigniter4/framework/system/Database/BaseBuilder.php(1616): CodeIgniter\Database\BaseConnection->query('SELECT *\nFROM `...', Array, false)
#4 /Users/shenyuting/moneyKeeper/vendor/codeigniter4/framework/system/Model.php(241): CodeIgniter\Database\BaseBuilder->get()
#5 /Users/shenyuting/moneyKeeper/vendor/codeigniter4/framework/system/BaseModel.php(618): CodeIgniter\Model->doFindAll(0, 0)
#6 /Users/shenyuting/moneyKeeper/app/Models/MemberModel.php(16): CodeIgniter\BaseModel->findAll()
#7 /Users/shenyuting/moneyKeeper/app/Controllers/Member.php(15): App\Models\MemberModel->getMember()
#8 /Users/shenyuting/moneyKeeper/vendor/codeigniter4/framework/system/CodeIgniter.php(934): App\Controllers\Member->index()
#9 /Users/shenyuting/moneyKeeper/vendor/codeigniter4/framework/system/CodeIgniter.php(499): CodeIgniter\CodeIgniter->runController(Object(App\Controllers\Member))
#10 /Users/shenyuting/moneyKeeper/vendor/codeigniter4/framework/system/CodeIgniter.php(368): CodeIgniter\CodeIgniter->handleRequest(NULL, Object(Config\Cache), false)
#11 /Users/shenyuting/moneyKeeper/public/index.php(67): CodeIgniter\CodeIgniter->run()
#12 /Users/shenyuting/moneyKeeper/vendor/codeigniter4/framework/system/Commands/Server/rewrite.php(47): require_once('/Users/shenyuti...')
#13 {main}

Next CodeIgniter\Database\Exceptions\DatabaseException: No such file or directory in /Users/shenyuting/moneyKeeper/vendor/codeigniter4/framework/system/Database/MySQLi/Connection.php:218
Stack trace:
#0 /Users/shenyuting/moneyKeeper/vendor/codeigniter4/framework/system/Database/BaseConnection.php(391): CodeIgniter\Database\MySQLi\Connection->connect(false)
#1 /Users/shenyuting/moneyKeeper/vendor/codeigniter4/framework/system/Database/BaseConnection.php(574): CodeIgniter\Database\BaseConnection->initialize()
#2 /Users/shenyuting/moneyKeeper/vendor/codeigniter4/framework/system/Database/BaseBuilder.php(1616): CodeIgniter\Database\BaseConnection->query('SELECT *\nFROM `...', Array, false)
#3 /Users/shenyuting/moneyKeeper/vendor/codeigniter4/framework/system/Model.php(241): CodeIgniter\Database\BaseBuilder->get()
#4 /Users/shenyuting/moneyKeeper/vendor/codeigniter4/framework/system/BaseModel.php(618): CodeIgniter\Model->doFindAll(0, 0)
#5 /Users/shenyuting/moneyKeeper/app/Models/MemberModel.php(16): CodeIgniter\BaseModel->findAll()
#6 /Users/shenyuting/moneyKeeper/app/Controllers/Member.php(15): App\Models\MemberModel->getMember()
#7 /Users/shenyuting/moneyKeeper/vendor/codeigniter4/framework/system/CodeIgniter.php(934): App\Controllers\Member->index()
#8 /Users/shenyuting/moneyKeeper/vendor/codeigniter4/framework/system/CodeIgniter.php(499): CodeIgniter\CodeIgniter->runController(Object(App\Controllers\Member))
#9 /Users/shenyuting/moneyKeeper/vendor/codeigniter4/framework/system/CodeIgniter.php(368): CodeIgniter\CodeIgniter->handleRequest(NULL, Object(Config\Cache), false)
#10 /Users/shenyuting/moneyKeeper/public/index.php(67): CodeIgniter\CodeIgniter->run()
#11 /Users/shenyuting/moneyKeeper/vendor/codeigniter4/framework/system/Commands/Server/rewrite.php(47): require_once('/Users/shenyuti...')
#12 {main}
CRITICAL - 2023-05-10 15:27:32 --> Unable to connect to the database.
Main connection [MySQLi]: No such file or directory
in SYSTEMPATH/Database/BaseConnection.php on line 427.
 1 SYSTEMPATH/Database/BaseConnection.php(574): CodeIgniter\Database\BaseConnection->initialize()
 2 SYSTEMPATH/Database/BaseBuilder.php(1616): CodeIgniter\Database\BaseConnection->query('SELECT *
FROM `member`', [], false)
 3 SYSTEMPATH/Model.php(241): CodeIgniter\Database\BaseBuilder->get()
 4 SYSTEMPATH/BaseModel.php(618): CodeIgniter\Model->doFindAll(0, 0)
 5 APPPATH/Models/MemberModel.php(16): CodeIgniter\BaseModel->findAll()
 6 APPPATH/Controllers/Member.php(15): App\Models\MemberModel->getMember()
 7 SYSTEMPATH/CodeIgniter.php(934): App\Controllers\Member->index()
 8 SYSTEMPATH/CodeIgniter.php(499): CodeIgniter\CodeIgniter->runController(Object(App\Controllers\Member))
 9 SYSTEMPATH/CodeIgniter.php(368): CodeIgniter\CodeIgniter->handleRequest(null, Object(Config\Cache), false)
10 FCPATH/index.php(67): CodeIgniter\CodeIgniter->run()
11 SYSTEMPATH/Commands/Server/rewrite.php(47): require_once('/Users/shenyuting/moneyKeeper/public/index.php')
