ERROR - 2023-05-17 03:06:59 --> Error connecting to the database: mysqli_sql_exception: No such file or directory in /Users/shenyuting/moneyKeeper/vendor/codeigniter4/framework/system/Database/MySQLi/Connection.php:174
Stack trace:
#0 /Users/shenyuting/moneyKeeper/vendor/codeigniter4/framework/system/Database/MySQLi/Connection.php(174): mysqli->real_connect('localhost', 'root', '', 'moneyKeeper', 3306, '', 0)
#1 /Users/shenyuting/moneyKeeper/vendor/codeigniter4/framework/system/Database/BaseConnection.php(391): CodeIgniter\Database\MySQLi\Connection->connect(false)
#2 /Users/shenyuting/moneyKeeper/vendor/codeigniter4/framework/system/Database/BaseConnection.php(574): CodeIgniter\Database\BaseConnection->initialize()
#3 /Users/shenyuting/moneyKeeper/vendor/codeigniter4/framework/system/Database/BaseBuilder.php(1616): CodeIgniter\Database\BaseConnection->query('SELECT *\nFROM `...', Array, false)
#4 /Users/shenyuting/moneyKeeper/vendor/codeigniter4/framework/system/Model.php(241): CodeIgniter\Database\BaseBuilder->get()
#5 /Users/shenyuting/moneyKeeper/vendor/codeigniter4/framework/system/BaseModel.php(618): CodeIgniter\Model->doFindAll(0, 0)
#6 /Users/shenyuting/moneyKeeper/app/Models/MemberModel.php(16): CodeIgniter\BaseModel->findAll()
#7 /Users/shenyuting/moneyKeeper/app/Controllers/Member.php(15): App\Models\MemberModel->getMember()
#8 /Users/shenyuting/moneyKeeper/vendor/codeigniter4/framework/system/CodeIgniter.php(934): App\Controllers\Member->index()
#9 /Users/shenyuting/moneyKeeper/vendor/codeigniter4/framework/system/CodeIgniter.php(499): CodeIgniter\CodeIgniter->runController(Object(App\Controllers\Member))
#10 /Users/shenyuting/moneyKeeper/vendor/codeigniter4/framework/system/CodeIgniter.php(368): CodeIgniter\CodeIgniter->handleRequest(NULL, Object(Config\Cache), false)
#11 /Users/shenyuting/moneyKeeper/public/index.php(67): CodeIgniter\CodeIgniter->run()
#12 /Users/shenyuting/moneyKeeper/vendor/codeigniter4/framework/system/Commands/Server/rewrite.php(47): require_once('/Users/shenyuti...')
#13 {main}

Next CodeIgniter\Database\Exceptions\DatabaseException: No such file or directory in /Users/shenyuting/moneyKeeper/vendor/codeigniter4/framework/system/Database/MySQLi/Connection.php:218
Stack trace:
#0 /Users/shenyuting/moneyKeeper/vendor/codeigniter4/framework/system/Database/BaseConnection.php(391): CodeIgniter\Database\MySQLi\Connection->connect(false)
#1 /Users/shenyuting/moneyKeeper/vendor/codeigniter4/framework/system/Database/BaseConnection.php(574): CodeIgniter\Database\BaseConnection->initialize()
#2 /Users/shenyuting/moneyKeeper/vendor/codeigniter4/framework/system/Database/BaseBuilder.php(1616): CodeIgniter\Database\BaseConnection->query('SELECT *\nFROM `...', Array, false)
#3 /Users/shenyuting/moneyKeeper/vendor/codeigniter4/framework/system/Model.php(241): CodeIgniter\Database\BaseBuilder->get()
#4 /Users/shenyuting/moneyKeeper/vendor/codeigniter4/framework/system/BaseModel.php(618): CodeIgniter\Model->doFindAll(0, 0)
#5 /Users/shenyuting/moneyKeeper/app/Models/MemberModel.php(16): CodeIgniter\BaseModel->findAll()
#6 /Users/shenyuting/moneyKeeper/app/Controllers/Member.php(15): App\Models\MemberModel->getMember()
#7 /Users/shenyuting/moneyKeeper/vendor/codeigniter4/framework/system/CodeIgniter.php(934): App\Controllers\Member->index()
#8 /Users/shenyuting/moneyKeeper/vendor/codeigniter4/framework/system/CodeIgniter.php(499): CodeIgniter\CodeIgniter->runController(Object(App\Controllers\Member))
#9 /Users/shenyuting/moneyKeeper/vendor/codeigniter4/framework/system/CodeIgniter.php(368): CodeIgniter\CodeIgniter->handleRequest(NULL, Object(Config\Cache), false)
#10 /Users/shenyuting/moneyKeeper/public/index.php(67): CodeIgniter\CodeIgniter->run()
#11 /Users/shenyuting/moneyKeeper/vendor/codeigniter4/framework/system/Commands/Server/rewrite.php(47): require_once('/Users/shenyuti...')
#12 {main}
CRITICAL - 2023-05-17 03:06:59 --> Unable to connect to the database.
Main connection [MySQLi]: No such file or directory
in SYSTEMPATH/Database/BaseConnection.php on line 427.
 1 SYSTEMPATH/Database/BaseConnection.php(574): CodeIgniter\Database\BaseConnection->initialize()
 2 SYSTEMPATH/Database/BaseBuilder.php(1616): CodeIgniter\Database\BaseConnection->query('SELECT *
FROM `member`', [], false)
 3 SYSTEMPATH/Model.php(241): CodeIgniter\Database\BaseBuilder->get()
 4 SYSTEMPATH/BaseModel.php(618): CodeIgniter\Model->doFindAll(0, 0)
 5 APPPATH/Models/MemberModel.php(16): CodeIgniter\BaseModel->findAll()
 6 APPPATH/Controllers/Member.php(15): App\Models\MemberModel->getMember()
 7 SYSTEMPATH/CodeIgniter.php(934): App\Controllers\Member->index()
 8 SYSTEMPATH/CodeIgniter.php(499): CodeIgniter\CodeIgniter->runController(Object(App\Controllers\Member))
 9 SYSTEMPATH/CodeIgniter.php(368): CodeIgniter\CodeIgniter->handleRequest(null, Object(Config\Cache), false)
10 FCPATH/index.php(67): CodeIgniter\CodeIgniter->run()
11 SYSTEMPATH/Commands/Server/rewrite.php(47): require_once('/Users/shenyuting/moneyKeeper/public/index.php')
ERROR - 2023-05-17 05:39:38 --> Error connecting to the database: mysqli_sql_exception: No such file or directory in /Users/shenyuting/moneyKeeper/vendor/codeigniter4/framework/system/Database/MySQLi/Connection.php:174
Stack trace:
#0 /Users/shenyuting/moneyKeeper/vendor/codeigniter4/framework/system/Database/MySQLi/Connection.php(174): mysqli->real_connect('localhost', 'root', '', 'moneyKeeper', 3306, '', 0)
#1 /Users/shenyuting/moneyKeeper/vendor/codeigniter4/framework/system/Database/BaseConnection.php(391): CodeIgniter\Database\MySQLi\Connection->connect(false)
#2 /Users/shenyuting/moneyKeeper/vendor/codeigniter4/framework/system/Database/BaseConnection.php(574): CodeIgniter\Database\BaseConnection->initialize()
#3 /Users/shenyuting/moneyKeeper/vendor/codeigniter4/framework/system/Database/BaseBuilder.php(1616): CodeIgniter\Database\BaseConnection->query('SELECT *\nFROM `...', Array, false)
#4 /Users/shenyuting/moneyKeeper/vendor/codeigniter4/framework/system/Model.php(241): CodeIgniter\Database\BaseBuilder->get()
#5 /Users/shenyuting/moneyKeeper/vendor/codeigniter4/framework/system/BaseModel.php(618): CodeIgniter\Model->doFindAll(0, 0)
#6 /Users/shenyuting/moneyKeeper/app/Models/MemberModel.php(16): CodeIgniter\BaseModel->findAll()
#7 /Users/shenyuting/moneyKeeper/app/Controllers/Member.php(15): App\Models\MemberModel->getMember()
#8 /Users/shenyuting/moneyKeeper/vendor/codeigniter4/framework/system/CodeIgniter.php(934): App\Controllers\Member->index()
#9 /Users/shenyuting/moneyKeeper/vendor/codeigniter4/framework/system/CodeIgniter.php(499): CodeIgniter\CodeIgniter->runController(Object(App\Controllers\Member))
#10 /Users/shenyuting/moneyKeeper/vendor/codeigniter4/framework/system/CodeIgniter.php(368): CodeIgniter\CodeIgniter->handleRequest(NULL, Object(Config\Cache), false)
#11 /Users/shenyuting/moneyKeeper/public/index.php(67): CodeIgniter\CodeIgniter->run()
#12 /Users/shenyuting/moneyKeeper/vendor/codeigniter4/framework/system/Commands/Server/rewrite.php(47): require_once('/Users/shenyuti...')
#13 {main}

Next CodeIgniter\Database\Exceptions\DatabaseException: No such file or directory in /Users/shenyuting/moneyKeeper/vendor/codeigniter4/framework/system/Database/MySQLi/Connection.php:218
Stack trace:
#0 /Users/shenyuting/moneyKeeper/vendor/codeigniter4/framework/system/Database/BaseConnection.php(391): CodeIgniter\Database\MySQLi\Connection->connect(false)
#1 /Users/shenyuting/moneyKeeper/vendor/codeigniter4/framework/system/Database/BaseConnection.php(574): CodeIgniter\Database\BaseConnection->initialize()
#2 /Users/shenyuting/moneyKeeper/vendor/codeigniter4/framework/system/Database/BaseBuilder.php(1616): CodeIgniter\Database\BaseConnection->query('SELECT *\nFROM `...', Array, false)
#3 /Users/shenyuting/moneyKeeper/vendor/codeigniter4/framework/system/Model.php(241): CodeIgniter\Database\BaseBuilder->get()
#4 /Users/shenyuting/moneyKeeper/vendor/codeigniter4/framework/system/BaseModel.php(618): CodeIgniter\Model->doFindAll(0, 0)
#5 /Users/shenyuting/moneyKeeper/app/Models/MemberModel.php(16): CodeIgniter\BaseModel->findAll()
#6 /Users/shenyuting/moneyKeeper/app/Controllers/Member.php(15): App\Models\MemberModel->getMember()
#7 /Users/shenyuting/moneyKeeper/vendor/codeigniter4/framework/system/CodeIgniter.php(934): App\Controllers\Member->index()
#8 /Users/shenyuting/moneyKeeper/vendor/codeigniter4/framework/system/CodeIgniter.php(499): CodeIgniter\CodeIgniter->runController(Object(App\Controllers\Member))
#9 /Users/shenyuting/moneyKeeper/vendor/codeigniter4/framework/system/CodeIgniter.php(368): CodeIgniter\CodeIgniter->handleRequest(NULL, Object(Config\Cache), false)
#10 /Users/shenyuting/moneyKeeper/public/index.php(67): CodeIgniter\CodeIgniter->run()
#11 /Users/shenyuting/moneyKeeper/vendor/codeigniter4/framework/system/Commands/Server/rewrite.php(47): require_once('/Users/shenyuti...')
#12 {main}
CRITICAL - 2023-05-17 05:39:38 --> Unable to connect to the database.
Main connection [MySQLi]: No such file or directory
in SYSTEMPATH/Database/BaseConnection.php on line 427.
 1 SYSTEMPATH/Database/BaseConnection.php(574): CodeIgniter\Database\BaseConnection->initialize()
 2 SYSTEMPATH/Database/BaseBuilder.php(1616): CodeIgniter\Database\BaseConnection->query('SELECT *
FROM `member`', [], false)
 3 SYSTEMPATH/Model.php(241): CodeIgniter\Database\BaseBuilder->get()
 4 SYSTEMPATH/BaseModel.php(618): CodeIgniter\Model->doFindAll(0, 0)
 5 APPPATH/Models/MemberModel.php(16): CodeIgniter\BaseModel->findAll()
 6 APPPATH/Controllers/Member.php(15): App\Models\MemberModel->getMember()
 7 SYSTEMPATH/CodeIgniter.php(934): App\Controllers\Member->index()
 8 SYSTEMPATH/CodeIgniter.php(499): CodeIgniter\CodeIgniter->runController(Object(App\Controllers\Member))
 9 SYSTEMPATH/CodeIgniter.php(368): CodeIgniter\CodeIgniter->handleRequest(null, Object(Config\Cache), false)
10 FCPATH/index.php(67): CodeIgniter\CodeIgniter->run()
11 SYSTEMPATH/Commands/Server/rewrite.php(47): require_once('/Users/shenyuting/moneyKeeper/public/index.php')
ERROR - 2023-05-17 05:39:38 --> Error connecting to the database: mysqli_sql_exception: No such file or directory in /Users/shenyuting/moneyKeeper/vendor/codeigniter4/framework/system/Database/MySQLi/Connection.php:174
Stack trace:
#0 /Users/shenyuting/moneyKeeper/vendor/codeigniter4/framework/system/Database/MySQLi/Connection.php(174): mysqli->real_connect('localhost', 'root', '', 'moneyKeeper', 3306, '', 0)
#1 /Users/shenyuting/moneyKeeper/vendor/codeigniter4/framework/system/Database/BaseConnection.php(391): CodeIgniter\Database\MySQLi\Connection->connect(false)
#2 /Users/shenyuting/moneyKeeper/vendor/codeigniter4/framework/system/Database/BaseConnection.php(574): CodeIgniter\Database\BaseConnection->initialize()
#3 /Users/shenyuting/moneyKeeper/vendor/codeigniter4/framework/system/Database/BaseBuilder.php(1616): CodeIgniter\Database\BaseConnection->query('SELECT *\nFROM `...', Array, false)
#4 /Users/shenyuting/moneyKeeper/vendor/codeigniter4/framework/system/Model.php(241): CodeIgniter\Database\BaseBuilder->get()
#5 /Users/shenyuting/moneyKeeper/vendor/codeigniter4/framework/system/BaseModel.php(618): CodeIgniter\Model->doFindAll(0, 0)
#6 /Users/shenyuting/moneyKeeper/app/Models/MemberModel.php(16): CodeIgniter\BaseModel->findAll()
#7 /Users/shenyuting/moneyKeeper/app/Controllers/Member.php(15): App\Models\MemberModel->getMember()
#8 /Users/shenyuting/moneyKeeper/vendor/codeigniter4/framework/system/CodeIgniter.php(934): App\Controllers\Member->index()
#9 /Users/shenyuting/moneyKeeper/vendor/codeigniter4/framework/system/CodeIgniter.php(499): CodeIgniter\CodeIgniter->runController(Object(App\Controllers\Member))
#10 /Users/shenyuting/moneyKeeper/vendor/codeigniter4/framework/system/CodeIgniter.php(368): CodeIgniter\CodeIgniter->handleRequest(NULL, Object(Config\Cache), false)
#11 /Users/shenyuting/moneyKeeper/public/index.php(67): CodeIgniter\CodeIgniter->run()
#12 /Users/shenyuting/moneyKeeper/vendor/codeigniter4/framework/system/Commands/Server/rewrite.php(47): require_once('/Users/shenyuti...')
#13 {main}

Next CodeIgniter\Database\Exceptions\DatabaseException: No such file or directory in /Users/shenyuting/moneyKeeper/vendor/codeigniter4/framework/system/Database/MySQLi/Connection.php:218
Stack trace:
#0 /Users/shenyuting/moneyKeeper/vendor/codeigniter4/framework/system/Database/BaseConnection.php(391): CodeIgniter\Database\MySQLi\Connection->connect(false)
#1 /Users/shenyuting/moneyKeeper/vendor/codeigniter4/framework/system/Database/BaseConnection.php(574): CodeIgniter\Database\BaseConnection->initialize()
#2 /Users/shenyuting/moneyKeeper/vendor/codeigniter4/framework/system/Database/BaseBuilder.php(1616): CodeIgniter\Database\BaseConnection->query('SELECT *\nFROM `...', Array, false)
#3 /Users/shenyuting/moneyKeeper/vendor/codeigniter4/framework/system/Model.php(241): CodeIgniter\Database\BaseBuilder->get()
#4 /Users/shenyuting/moneyKeeper/vendor/codeigniter4/framework/system/BaseModel.php(618): CodeIgniter\Model->doFindAll(0, 0)
#5 /Users/shenyuting/moneyKeeper/app/Models/MemberModel.php(16): CodeIgniter\BaseModel->findAll()
#6 /Users/shenyuting/moneyKeeper/app/Controllers/Member.php(15): App\Models\MemberModel->getMember()
#7 /Users/shenyuting/moneyKeeper/vendor/codeigniter4/framework/system/CodeIgniter.php(934): App\Controllers\Member->index()
#8 /Users/shenyuting/moneyKeeper/vendor/codeigniter4/framework/system/CodeIgniter.php(499): CodeIgniter\CodeIgniter->runController(Object(App\Controllers\Member))
#9 /Users/shenyuting/moneyKeeper/vendor/codeigniter4/framework/system/CodeIgniter.php(368): CodeIgniter\CodeIgniter->handleRequest(NULL, Object(Config\Cache), false)
#10 /Users/shenyuting/moneyKeeper/public/index.php(67): CodeIgniter\CodeIgniter->run()
#11 /Users/shenyuting/moneyKeeper/vendor/codeigniter4/framework/system/Commands/Server/rewrite.php(47): require_once('/Users/shenyuti...')
#12 {main}
CRITICAL - 2023-05-17 05:39:38 --> Unable to connect to the database.
Main connection [MySQLi]: No such file or directory
in SYSTEMPATH/Database/BaseConnection.php on line 427.
 1 SYSTEMPATH/Database/BaseConnection.php(574): CodeIgniter\Database\BaseConnection->initialize()
 2 SYSTEMPATH/Database/BaseBuilder.php(1616): CodeIgniter\Database\BaseConnection->query('SELECT *
FROM `member`', [], false)
 3 SYSTEMPATH/Model.php(241): CodeIgniter\Database\BaseBuilder->get()
 4 SYSTEMPATH/BaseModel.php(618): CodeIgniter\Model->doFindAll(0, 0)
 5 APPPATH/Models/MemberModel.php(16): CodeIgniter\BaseModel->findAll()
 6 APPPATH/Controllers/Member.php(15): App\Models\MemberModel->getMember()
 7 SYSTEMPATH/CodeIgniter.php(934): App\Controllers\Member->index()
 8 SYSTEMPATH/CodeIgniter.php(499): CodeIgniter\CodeIgniter->runController(Object(App\Controllers\Member))
 9 SYSTEMPATH/CodeIgniter.php(368): CodeIgniter\CodeIgniter->handleRequest(null, Object(Config\Cache), false)
10 FCPATH/index.php(67): CodeIgniter\CodeIgniter->run()
11 SYSTEMPATH/Commands/Server/rewrite.php(47): require_once('/Users/shenyuting/moneyKeeper/public/index.php')
ERROR - 2023-05-17 05:39:54 --> Error connecting to the database: mysqli_sql_exception: No such file or directory in /Users/shenyuting/moneyKeeper/vendor/codeigniter4/framework/system/Database/MySQLi/Connection.php:174
Stack trace:
#0 /Users/shenyuting/moneyKeeper/vendor/codeigniter4/framework/system/Database/MySQLi/Connection.php(174): mysqli->real_connect('localhost', 'root', '', 'moneyKeeper', 3306, '', 0)
#1 /Users/shenyuting/moneyKeeper/vendor/codeigniter4/framework/system/Database/BaseConnection.php(391): CodeIgniter\Database\MySQLi\Connection->connect(false)
#2 /Users/shenyuting/moneyKeeper/vendor/codeigniter4/framework/system/Database/BaseConnection.php(574): CodeIgniter\Database\BaseConnection->initialize()
#3 /Users/shenyuting/moneyKeeper/vendor/codeigniter4/framework/system/Database/BaseBuilder.php(1616): CodeIgniter\Database\BaseConnection->query('SELECT *\nFROM `...', Array, false)
#4 /Users/shenyuting/moneyKeeper/vendor/codeigniter4/framework/system/Model.php(241): CodeIgniter\Database\BaseBuilder->get()
#5 /Users/shenyuting/moneyKeeper/vendor/codeigniter4/framework/system/BaseModel.php(618): CodeIgniter\Model->doFindAll(0, 0)
#6 /Users/shenyuting/moneyKeeper/app/Models/MemberModel.php(16): CodeIgniter\BaseModel->findAll()
#7 /Users/shenyuting/moneyKeeper/app/Controllers/Member.php(15): App\Models\MemberModel->getMember()
#8 /Users/shenyuting/moneyKeeper/vendor/codeigniter4/framework/system/CodeIgniter.php(934): App\Controllers\Member->index()
#9 /Users/shenyuting/moneyKeeper/vendor/codeigniter4/framework/system/CodeIgniter.php(499): CodeIgniter\CodeIgniter->runController(Object(App\Controllers\Member))
#10 /Users/shenyuting/moneyKeeper/vendor/codeigniter4/framework/system/CodeIgniter.php(368): CodeIgniter\CodeIgniter->handleRequest(NULL, Object(Config\Cache), false)
#11 /Users/shenyuting/moneyKeeper/public/index.php(67): CodeIgniter\CodeIgniter->run()
#12 /Users/shenyuting/moneyKeeper/vendor/codeigniter4/framework/system/Commands/Server/rewrite.php(47): require_once('/Users/shenyuti...')
#13 {main}

Next CodeIgniter\Database\Exceptions\DatabaseException: No such file or directory in /Users/shenyuting/moneyKeeper/vendor/codeigniter4/framework/system/Database/MySQLi/Connection.php:218
Stack trace:
#0 /Users/shenyuting/moneyKeeper/vendor/codeigniter4/framework/system/Database/BaseConnection.php(391): CodeIgniter\Database\MySQLi\Connection->connect(false)
#1 /Users/shenyuting/moneyKeeper/vendor/codeigniter4/framework/system/Database/BaseConnection.php(574): CodeIgniter\Database\BaseConnection->initialize()
#2 /Users/shenyuting/moneyKeeper/vendor/codeigniter4/framework/system/Database/BaseBuilder.php(1616): CodeIgniter\Database\BaseConnection->query('SELECT *\nFROM `...', Array, false)
#3 /Users/shenyuting/moneyKeeper/vendor/codeigniter4/framework/system/Model.php(241): CodeIgniter\Database\BaseBuilder->get()
#4 /Users/shenyuting/moneyKeeper/vendor/codeigniter4/framework/system/BaseModel.php(618): CodeIgniter\Model->doFindAll(0, 0)
#5 /Users/shenyuting/moneyKeeper/app/Models/MemberModel.php(16): CodeIgniter\BaseModel->findAll()
#6 /Users/shenyuting/moneyKeeper/app/Controllers/Member.php(15): App\Models\MemberModel->getMember()
#7 /Users/shenyuting/moneyKeeper/vendor/codeigniter4/framework/system/CodeIgniter.php(934): App\Controllers\Member->index()
#8 /Users/shenyuting/moneyKeeper/vendor/codeigniter4/framework/system/CodeIgniter.php(499): CodeIgniter\CodeIgniter->runController(Object(App\Controllers\Member))
#9 /Users/shenyuting/moneyKeeper/vendor/codeigniter4/framework/system/CodeIgniter.php(368): CodeIgniter\CodeIgniter->handleRequest(NULL, Object(Config\Cache), false)
#10 /Users/shenyuting/moneyKeeper/public/index.php(67): CodeIgniter\CodeIgniter->run()
#11 /Users/shenyuting/moneyKeeper/vendor/codeigniter4/framework/system/Commands/Server/rewrite.php(47): require_once('/Users/shenyuti...')
#12 {main}
CRITICAL - 2023-05-17 05:39:54 --> Unable to connect to the database.
Main connection [MySQLi]: No such file or directory
in SYSTEMPATH/Database/BaseConnection.php on line 427.
 1 SYSTEMPATH/Database/BaseConnection.php(574): CodeIgniter\Database\BaseConnection->initialize()
 2 SYSTEMPATH/Database/BaseBuilder.php(1616): CodeIgniter\Database\BaseConnection->query('SELECT *
FROM `member`', [], false)
 3 SYSTEMPATH/Model.php(241): CodeIgniter\Database\BaseBuilder->get()
 4 SYSTEMPATH/BaseModel.php(618): CodeIgniter\Model->doFindAll(0, 0)
 5 APPPATH/Models/MemberModel.php(16): CodeIgniter\BaseModel->findAll()
 6 APPPATH/Controllers/Member.php(15): App\Models\MemberModel->getMember()
 7 SYSTEMPATH/CodeIgniter.php(934): App\Controllers\Member->index()
 8 SYSTEMPATH/CodeIgniter.php(499): CodeIgniter\CodeIgniter->runController(Object(App\Controllers\Member))
 9 SYSTEMPATH/CodeIgniter.php(368): CodeIgniter\CodeIgniter->handleRequest(null, Object(Config\Cache), false)
10 FCPATH/index.php(67): CodeIgniter\CodeIgniter->run()
11 SYSTEMPATH/Commands/Server/rewrite.php(47): require_once('/Users/shenyuting/moneyKeeper/public/index.php')
INFO - 2023-05-17 06:00:06 --> CSRF token verified.
ERROR - 2023-05-17 06:00:06 --> Error connecting to the database: mysqli_sql_exception: No such file or directory in /Users/shenyuting/moneyKeeper/vendor/codeigniter4/framework/system/Database/MySQLi/Connection.php:174
Stack trace:
#0 /Users/shenyuting/moneyKeeper/vendor/codeigniter4/framework/system/Database/MySQLi/Connection.php(174): mysqli->real_connect('localhost', 'root', '', 'moneyKeeper', 3306, '', 0)
#1 /Users/shenyuting/moneyKeeper/vendor/codeigniter4/framework/system/Database/BaseConnection.php(391): CodeIgniter\Database\MySQLi\Connection->connect(false)
#2 /Users/shenyuting/moneyKeeper/vendor/codeigniter4/framework/system/Database/BaseConnection.php(574): CodeIgniter\Database\BaseConnection->initialize()
#3 /Users/shenyuting/moneyKeeper/vendor/codeigniter4/framework/system/Database/BaseBuilder.php(2309): CodeIgniter\Database\BaseConnection->query('INSERT INTO `me...', Array, false)
#4 /Users/shenyuting/moneyKeeper/vendor/codeigniter4/framework/system/Model.php(330): CodeIgniter\Database\BaseBuilder->insert()
#5 /Users/shenyuting/moneyKeeper/vendor/codeigniter4/framework/system/BaseModel.php(782): CodeIgniter\Model->doInsert(Array)
#6 /Users/shenyuting/moneyKeeper/vendor/codeigniter4/framework/system/Model.php(730): CodeIgniter\BaseModel->insert(Array, false)
#7 /Users/shenyuting/moneyKeeper/vendor/codeigniter4/framework/system/BaseModel.php(692): CodeIgniter\Model->insert(Array, false)
#8 /Users/shenyuting/moneyKeeper/app/Controllers/Members.php(50): CodeIgniter\BaseModel->save(Array)
#9 /Users/shenyuting/moneyKeeper/vendor/codeigniter4/framework/system/CodeIgniter.php(934): App\Controllers\Members->register()
#10 /Users/shenyuting/moneyKeeper/vendor/codeigniter4/framework/system/CodeIgniter.php(499): CodeIgniter\CodeIgniter->runController(Object(App\Controllers\Members))
#11 /Users/shenyuting/moneyKeeper/vendor/codeigniter4/framework/system/CodeIgniter.php(368): CodeIgniter\CodeIgniter->handleRequest(NULL, Object(Config\Cache), false)
#12 /Users/shenyuting/moneyKeeper/public/index.php(67): CodeIgniter\CodeIgniter->run()
#13 /Users/shenyuting/moneyKeeper/vendor/codeigniter4/framework/system/Commands/Server/rewrite.php(47): require_once('/Users/shenyuti...')
#14 {main}

Next CodeIgniter\Database\Exceptions\DatabaseException: No such file or directory in /Users/shenyuting/moneyKeeper/vendor/codeigniter4/framework/system/Database/MySQLi/Connection.php:218
Stack trace:
#0 /Users/shenyuting/moneyKeeper/vendor/codeigniter4/framework/system/Database/BaseConnection.php(391): CodeIgniter\Database\MySQLi\Connection->connect(false)
#1 /Users/shenyuting/moneyKeeper/vendor/codeigniter4/framework/system/Database/BaseConnection.php(574): CodeIgniter\Database\BaseConnection->initialize()
#2 /Users/shenyuting/moneyKeeper/vendor/codeigniter4/framework/system/Database/BaseBuilder.php(2309): CodeIgniter\Database\BaseConnection->query('INSERT INTO `me...', Array, false)
#3 /Users/shenyuting/moneyKeeper/vendor/codeigniter4/framework/system/Model.php(330): CodeIgniter\Database\BaseBuilder->insert()
#4 /Users/shenyuting/moneyKeeper/vendor/codeigniter4/framework/system/BaseModel.php(782): CodeIgniter\Model->doInsert(Array)
#5 /Users/shenyuting/moneyKeeper/vendor/codeigniter4/framework/system/Model.php(730): CodeIgniter\BaseModel->insert(Array, false)
#6 /Users/shenyuting/moneyKeeper/vendor/codeigniter4/framework/system/BaseModel.php(692): CodeIgniter\Model->insert(Array, false)
#7 /Users/shenyuting/moneyKeeper/app/Controllers/Members.php(50): CodeIgniter\BaseModel->save(Array)
#8 /Users/shenyuting/moneyKeeper/vendor/codeigniter4/framework/system/CodeIgniter.php(934): App\Controllers\Members->register()
#9 /Users/shenyuting/moneyKeeper/vendor/codeigniter4/framework/system/CodeIgniter.php(499): CodeIgniter\CodeIgniter->runController(Object(App\Controllers\Members))
#10 /Users/shenyuting/moneyKeeper/vendor/codeigniter4/framework/system/CodeIgniter.php(368): CodeIgniter\CodeIgniter->handleRequest(NULL, Object(Config\Cache), false)
#11 /Users/shenyuting/moneyKeeper/public/index.php(67): CodeIgniter\CodeIgniter->run()
#12 /Users/shenyuting/moneyKeeper/vendor/codeigniter4/framework/system/Commands/Server/rewrite.php(47): require_once('/Users/shenyuti...')
#13 {main}
CRITICAL - 2023-05-17 06:00:06 --> Unable to connect to the database.
Main connection [MySQLi]: No such file or directory
in SYSTEMPATH/Database/BaseConnection.php on line 427.
 1 SYSTEMPATH/Database/BaseConnection.php(574): CodeIgniter\Database\BaseConnection->initialize()
 2 SYSTEMPATH/Database/BaseBuilder.php(2309): CodeIgniter\Database\BaseConnection->query('INSERT INTO `members` (`firstName`, `lastName`, `email`, `password`) VALUES (:firstName:, :lastName:, :email:, :password:)', [...], false)
 3 SYSTEMPATH/Model.php(330): CodeIgniter\Database\BaseBuilder->insert()
 4 SYSTEMPATH/BaseModel.php(782): CodeIgniter\Model->doInsert([...])
 5 SYSTEMPATH/Model.php(730): CodeIgniter\BaseModel->insert([...], false)
 6 SYSTEMPATH/BaseModel.php(692): CodeIgniter\Model->insert([...], false)
 7 APPPATH/Controllers/Members.php(50): CodeIgniter\BaseModel->save([...])
 8 SYSTEMPATH/CodeIgniter.php(934): App\Controllers\Members->register()
 9 SYSTEMPATH/CodeIgniter.php(499): CodeIgniter\CodeIgniter->runController(Object(App\Controllers\Members))
10 SYSTEMPATH/CodeIgniter.php(368): CodeIgniter\CodeIgniter->handleRequest(null, Object(Config\Cache), false)
11 FCPATH/index.php(67): CodeIgniter\CodeIgniter->run()
12 SYSTEMPATH/Commands/Server/rewrite.php(47): require_once('/Users/shenyuting/moneyKeeper/public/index.php')
INFO - 2023-05-17 06:01:50 --> CSRF token verified.
ERROR - 2023-05-17 06:01:50 --> Error connecting to the database: mysqli_sql_exception: No such file or directory in /Users/shenyuting/moneyKeeper/vendor/codeigniter4/framework/system/Database/MySQLi/Connection.php:174
Stack trace:
#0 /Users/shenyuting/moneyKeeper/vendor/codeigniter4/framework/system/Database/MySQLi/Connection.php(174): mysqli->real_connect('localhost', 'root', '', 'moneyKeeper', 3306, '', 0)
#1 /Users/shenyuting/moneyKeeper/vendor/codeigniter4/framework/system/Database/BaseConnection.php(391): CodeIgniter\Database\MySQLi\Connection->connect(false)
#2 /Users/shenyuting/moneyKeeper/vendor/codeigniter4/framework/system/Database/BaseConnection.php(574): CodeIgniter\Database\BaseConnection->initialize()
#3 /Users/shenyuting/moneyKeeper/vendor/codeigniter4/framework/system/Database/BaseBuilder.php(2309): CodeIgniter\Database\BaseConnection->query('INSERT INTO `me...', Array, false)
#4 /Users/shenyuting/moneyKeeper/vendor/codeigniter4/framework/system/Model.php(330): CodeIgniter\Database\BaseBuilder->insert()
#5 /Users/shenyuting/moneyKeeper/vendor/codeigniter4/framework/system/BaseModel.php(782): CodeIgniter\Model->doInsert(Array)
#6 /Users/shenyuting/moneyKeeper/vendor/codeigniter4/framework/system/Model.php(730): CodeIgniter\BaseModel->insert(Array, false)
#7 /Users/shenyuting/moneyKeeper/vendor/codeigniter4/framework/system/BaseModel.php(692): CodeIgniter\Model->insert(Array, false)
#8 /Users/shenyuting/moneyKeeper/app/Controllers/Members.php(50): CodeIgniter\BaseModel->save(Array)
#9 /Users/shenyuting/moneyKeeper/vendor/codeigniter4/framework/system/CodeIgniter.php(934): App\Controllers\Members->register()
#10 /Users/shenyuting/moneyKeeper/vendor/codeigniter4/framework/system/CodeIgniter.php(499): CodeIgniter\CodeIgniter->runController(Object(App\Controllers\Members))
#11 /Users/shenyuting/moneyKeeper/vendor/codeigniter4/framework/system/CodeIgniter.php(368): CodeIgniter\CodeIgniter->handleRequest(NULL, Object(Config\Cache), false)
#12 /Users/shenyuting/moneyKeeper/public/index.php(67): CodeIgniter\CodeIgniter->run()
#13 /Users/shenyuting/moneyKeeper/vendor/codeigniter4/framework/system/Commands/Server/rewrite.php(47): require_once('/Users/shenyuti...')
#14 {main}

Next CodeIgniter\Database\Exceptions\DatabaseException: No such file or directory in /Users/shenyuting/moneyKeeper/vendor/codeigniter4/framework/system/Database/MySQLi/Connection.php:218
Stack trace:
#0 /Users/shenyuting/moneyKeeper/vendor/codeigniter4/framework/system/Database/BaseConnection.php(391): CodeIgniter\Database\MySQLi\Connection->connect(false)
#1 /Users/shenyuting/moneyKeeper/vendor/codeigniter4/framework/system/Database/BaseConnection.php(574): CodeIgniter\Database\BaseConnection->initialize()
#2 /Users/shenyuting/moneyKeeper/vendor/codeigniter4/framework/system/Database/BaseBuilder.php(2309): CodeIgniter\Database\BaseConnection->query('INSERT INTO `me...', Array, false)
#3 /Users/shenyuting/moneyKeeper/vendor/codeigniter4/framework/system/Model.php(330): CodeIgniter\Database\BaseBuilder->insert()
#4 /Users/shenyuting/moneyKeeper/vendor/codeigniter4/framework/system/BaseModel.php(782): CodeIgniter\Model->doInsert(Array)
#5 /Users/shenyuting/moneyKeeper/vendor/codeigniter4/framework/system/Model.php(730): CodeIgniter\BaseModel->insert(Array, false)
#6 /Users/shenyuting/moneyKeeper/vendor/codeigniter4/framework/system/BaseModel.php(692): CodeIgniter\Model->insert(Array, false)
#7 /Users/shenyuting/moneyKeeper/app/Controllers/Members.php(50): CodeIgniter\BaseModel->save(Array)
#8 /Users/shenyuting/moneyKeeper/vendor/codeigniter4/framework/system/CodeIgniter.php(934): App\Controllers\Members->register()
#9 /Users/shenyuting/moneyKeeper/vendor/codeigniter4/framework/system/CodeIgniter.php(499): CodeIgniter\CodeIgniter->runController(Object(App\Controllers\Members))
#10 /Users/shenyuting/moneyKeeper/vendor/codeigniter4/framework/system/CodeIgniter.php(368): CodeIgniter\CodeIgniter->handleRequest(NULL, Object(Config\Cache), false)
#11 /Users/shenyuting/moneyKeeper/public/index.php(67): CodeIgniter\CodeIgniter->run()
#12 /Users/shenyuting/moneyKeeper/vendor/codeigniter4/framework/system/Commands/Server/rewrite.php(47): require_once('/Users/shenyuti...')
#13 {main}
CRITICAL - 2023-05-17 06:01:50 --> Unable to connect to the database.
Main connection [MySQLi]: No such file or directory
in SYSTEMPATH/Database/BaseConnection.php on line 427.
 1 SYSTEMPATH/Database/BaseConnection.php(574): CodeIgniter\Database\BaseConnection->initialize()
 2 SYSTEMPATH/Database/BaseBuilder.php(2309): CodeIgniter\Database\BaseConnection->query('INSERT INTO `members` (`firstName`, `lastName`, `email`, `password`) VALUES (:firstName:, :lastName:, :email:, :password:)', [...], false)
 3 SYSTEMPATH/Model.php(330): CodeIgniter\Database\BaseBuilder->insert()
 4 SYSTEMPATH/BaseModel.php(782): CodeIgniter\Model->doInsert([...])
 5 SYSTEMPATH/Model.php(730): CodeIgniter\BaseModel->insert([...], false)
 6 SYSTEMPATH/BaseModel.php(692): CodeIgniter\Model->insert([...], false)
 7 APPPATH/Controllers/Members.php(50): CodeIgniter\BaseModel->save([...])
 8 SYSTEMPATH/CodeIgniter.php(934): App\Controllers\Members->register()
 9 SYSTEMPATH/CodeIgniter.php(499): CodeIgniter\CodeIgniter->runController(Object(App\Controllers\Members))
10 SYSTEMPATH/CodeIgniter.php(368): CodeIgniter\CodeIgniter->handleRequest(null, Object(Config\Cache), false)
11 FCPATH/index.php(67): CodeIgniter\CodeIgniter->run()
12 SYSTEMPATH/Commands/Server/rewrite.php(47): require_once('/Users/shenyuting/moneyKeeper/public/index.php')
ERROR - 2023-05-17 06:04:03 --> Error connecting to the database: mysqli_sql_exception: No such file or directory in /Users/shenyuting/moneyKeeper/vendor/codeigniter4/framework/system/Database/MySQLi/Connection.php:174
Stack trace:
#0 /Users/shenyuting/moneyKeeper/vendor/codeigniter4/framework/system/Database/MySQLi/Connection.php(174): mysqli->real_connect('localhost', 'root', '', 'ci4tutorial', 3306, '', 0)
#1 /Users/shenyuting/moneyKeeper/vendor/codeigniter4/framework/system/Database/BaseConnection.php(391): CodeIgniter\Database\MySQLi\Connection->connect(false)
#2 /Users/shenyuting/moneyKeeper/vendor/codeigniter4/framework/system/Database/BaseConnection.php(574): CodeIgniter\Database\BaseConnection->initialize()
#3 /Users/shenyuting/moneyKeeper/vendor/codeigniter4/framework/system/Database/BaseBuilder.php(1616): CodeIgniter\Database\BaseConnection->query('SELECT *\nFROM `...', Array, false)
#4 /Users/shenyuting/moneyKeeper/vendor/codeigniter4/framework/system/Model.php(241): CodeIgniter\Database\BaseBuilder->get()
#5 /Users/shenyuting/moneyKeeper/vendor/codeigniter4/framework/system/BaseModel.php(618): CodeIgniter\Model->doFindAll(0, 0)
#6 /Users/shenyuting/moneyKeeper/app/Models/MemberModel.php(16): CodeIgniter\BaseModel->findAll()
#7 /Users/shenyuting/moneyKeeper/app/Controllers/Member.php(15): App\Models\MemberModel->getMember()
#8 /Users/shenyuting/moneyKeeper/vendor/codeigniter4/framework/system/CodeIgniter.php(934): App\Controllers\Member->index()
#9 /Users/shenyuting/moneyKeeper/vendor/codeigniter4/framework/system/CodeIgniter.php(499): CodeIgniter\CodeIgniter->runController(Object(App\Controllers\Member))
#10 /Users/shenyuting/moneyKeeper/vendor/codeigniter4/framework/system/CodeIgniter.php(368): CodeIgniter\CodeIgniter->handleRequest(NULL, Object(Config\Cache), false)
#11 /Users/shenyuting/moneyKeeper/public/index.php(67): CodeIgniter\CodeIgniter->run()
#12 /Users/shenyuting/moneyKeeper/vendor/codeigniter4/framework/system/Commands/Server/rewrite.php(47): require_once('/Users/shenyuti...')
#13 {main}

Next CodeIgniter\Database\Exceptions\DatabaseException: No such file or directory in /Users/shenyuting/moneyKeeper/vendor/codeigniter4/framework/system/Database/MySQLi/Connection.php:218
Stack trace:
#0 /Users/shenyuting/moneyKeeper/vendor/codeigniter4/framework/system/Database/BaseConnection.php(391): CodeIgniter\Database\MySQLi\Connection->connect(false)
#1 /Users/shenyuting/moneyKeeper/vendor/codeigniter4/framework/system/Database/BaseConnection.php(574): CodeIgniter\Database\BaseConnection->initialize()
#2 /Users/shenyuting/moneyKeeper/vendor/codeigniter4/framework/system/Database/BaseBuilder.php(1616): CodeIgniter\Database\BaseConnection->query('SELECT *\nFROM `...', Array, false)
#3 /Users/shenyuting/moneyKeeper/vendor/codeigniter4/framework/system/Model.php(241): CodeIgniter\Database\BaseBuilder->get()
#4 /Users/shenyuting/moneyKeeper/vendor/codeigniter4/framework/system/BaseModel.php(618): CodeIgniter\Model->doFindAll(0, 0)
#5 /Users/shenyuting/moneyKeeper/app/Models/MemberModel.php(16): CodeIgniter\BaseModel->findAll()
#6 /Users/shenyuting/moneyKeeper/app/Controllers/Member.php(15): App\Models\MemberModel->getMember()
#7 /Users/shenyuting/moneyKeeper/vendor/codeigniter4/framework/system/CodeIgniter.php(934): App\Controllers\Member->index()
#8 /Users/shenyuting/moneyKeeper/vendor/codeigniter4/framework/system/CodeIgniter.php(499): CodeIgniter\CodeIgniter->runController(Object(App\Controllers\Member))
#9 /Users/shenyuting/moneyKeeper/vendor/codeigniter4/framework/system/CodeIgniter.php(368): CodeIgniter\CodeIgniter->handleRequest(NULL, Object(Config\Cache), false)
#10 /Users/shenyuting/moneyKeeper/public/index.php(67): CodeIgniter\CodeIgniter->run()
#11 /Users/shenyuting/moneyKeeper/vendor/codeigniter4/framework/system/Commands/Server/rewrite.php(47): require_once('/Users/shenyuti...')
#12 {main}
CRITICAL - 2023-05-17 06:04:03 --> Unable to connect to the database.
Main connection [MySQLi]: No such file or directory
in SYSTEMPATH/Database/BaseConnection.php on line 427.
 1 SYSTEMPATH/Database/BaseConnection.php(574): CodeIgniter\Database\BaseConnection->initialize()
 2 SYSTEMPATH/Database/BaseBuilder.php(1616): CodeIgniter\Database\BaseConnection->query('SELECT *
FROM `member`', [], false)
 3 SYSTEMPATH/Model.php(241): CodeIgniter\Database\BaseBuilder->get()
 4 SYSTEMPATH/BaseModel.php(618): CodeIgniter\Model->doFindAll(0, 0)
 5 APPPATH/Models/MemberModel.php(16): CodeIgniter\BaseModel->findAll()
 6 APPPATH/Controllers/Member.php(15): App\Models\MemberModel->getMember()
 7 SYSTEMPATH/CodeIgniter.php(934): App\Controllers\Member->index()
 8 SYSTEMPATH/CodeIgniter.php(499): CodeIgniter\CodeIgniter->runController(Object(App\Controllers\Member))
 9 SYSTEMPATH/CodeIgniter.php(368): CodeIgniter\CodeIgniter->handleRequest(null, Object(Config\Cache), false)
10 FCPATH/index.php(67): CodeIgniter\CodeIgniter->run()
11 SYSTEMPATH/Commands/Server/rewrite.php(47): require_once('/Users/shenyuting/moneyKeeper/public/index.php')
ERROR - 2023-05-17 06:04:03 --> Error connecting to the database: mysqli_sql_exception: No such file or directory in /Users/shenyuting/moneyKeeper/vendor/codeigniter4/framework/system/Database/MySQLi/Connection.php:174
Stack trace:
#0 /Users/shenyuting/moneyKeeper/vendor/codeigniter4/framework/system/Database/MySQLi/Connection.php(174): mysqli->real_connect('localhost', 'root', '', 'ci4tutorial', 3306, '', 0)
#1 /Users/shenyuting/moneyKeeper/vendor/codeigniter4/framework/system/Database/BaseConnection.php(391): CodeIgniter\Database\MySQLi\Connection->connect(false)
#2 /Users/shenyuting/moneyKeeper/vendor/codeigniter4/framework/system/Database/BaseConnection.php(574): CodeIgniter\Database\BaseConnection->initialize()
#3 /Users/shenyuting/moneyKeeper/vendor/codeigniter4/framework/system/Database/BaseBuilder.php(1616): CodeIgniter\Database\BaseConnection->query('SELECT *\nFROM `...', Array, false)
#4 /Users/shenyuting/moneyKeeper/vendor/codeigniter4/framework/system/Model.php(241): CodeIgniter\Database\BaseBuilder->get()
#5 /Users/shenyuting/moneyKeeper/vendor/codeigniter4/framework/system/BaseModel.php(618): CodeIgniter\Model->doFindAll(0, 0)
#6 /Users/shenyuting/moneyKeeper/app/Models/MemberModel.php(16): CodeIgniter\BaseModel->findAll()
#7 /Users/shenyuting/moneyKeeper/app/Controllers/Member.php(15): App\Models\MemberModel->getMember()
#8 /Users/shenyuting/moneyKeeper/vendor/codeigniter4/framework/system/CodeIgniter.php(934): App\Controllers\Member->index()
#9 /Users/shenyuting/moneyKeeper/vendor/codeigniter4/framework/system/CodeIgniter.php(499): CodeIgniter\CodeIgniter->runController(Object(App\Controllers\Member))
#10 /Users/shenyuting/moneyKeeper/vendor/codeigniter4/framework/system/CodeIgniter.php(368): CodeIgniter\CodeIgniter->handleRequest(NULL, Object(Config\Cache), false)
#11 /Users/shenyuting/moneyKeeper/public/index.php(67): CodeIgniter\CodeIgniter->run()
#12 /Users/shenyuting/moneyKeeper/vendor/codeigniter4/framework/system/Commands/Server/rewrite.php(47): require_once('/Users/shenyuti...')
#13 {main}

Next CodeIgniter\Database\Exceptions\DatabaseException: No such file or directory in /Users/shenyuting/moneyKeeper/vendor/codeigniter4/framework/system/Database/MySQLi/Connection.php:218
Stack trace:
#0 /Users/shenyuting/moneyKeeper/vendor/codeigniter4/framework/system/Database/BaseConnection.php(391): CodeIgniter\Database\MySQLi\Connection->connect(false)
#1 /Users/shenyuting/moneyKeeper/vendor/codeigniter4/framework/system/Database/BaseConnection.php(574): CodeIgniter\Database\BaseConnection->initialize()
#2 /Users/shenyuting/moneyKeeper/vendor/codeigniter4/framework/system/Database/BaseBuilder.php(1616): CodeIgniter\Database\BaseConnection->query('SELECT *\nFROM `...', Array, false)
#3 /Users/shenyuting/moneyKeeper/vendor/codeigniter4/framework/system/Model.php(241): CodeIgniter\Database\BaseBuilder->get()
#4 /Users/shenyuting/moneyKeeper/vendor/codeigniter4/framework/system/BaseModel.php(618): CodeIgniter\Model->doFindAll(0, 0)
#5 /Users/shenyuting/moneyKeeper/app/Models/MemberModel.php(16): CodeIgniter\BaseModel->findAll()
#6 /Users/shenyuting/moneyKeeper/app/Controllers/Member.php(15): App\Models\MemberModel->getMember()
#7 /Users/shenyuting/moneyKeeper/vendor/codeigniter4/framework/system/CodeIgniter.php(934): App\Controllers\Member->index()
#8 /Users/shenyuting/moneyKeeper/vendor/codeigniter4/framework/system/CodeIgniter.php(499): CodeIgniter\CodeIgniter->runController(Object(App\Controllers\Member))
#9 /Users/shenyuting/moneyKeeper/vendor/codeigniter4/framework/system/CodeIgniter.php(368): CodeIgniter\CodeIgniter->handleRequest(NULL, Object(Config\Cache), false)
#10 /Users/shenyuting/moneyKeeper/public/index.php(67): CodeIgniter\CodeIgniter->run()
#11 /Users/shenyuting/moneyKeeper/vendor/codeigniter4/framework/system/Commands/Server/rewrite.php(47): require_once('/Users/shenyuti...')
#12 {main}
CRITICAL - 2023-05-17 06:04:03 --> Unable to connect to the database.
Main connection [MySQLi]: No such file or directory
in SYSTEMPATH/Database/BaseConnection.php on line 427.
 1 SYSTEMPATH/Database/BaseConnection.php(574): CodeIgniter\Database\BaseConnection->initialize()
 2 SYSTEMPATH/Database/BaseBuilder.php(1616): CodeIgniter\Database\BaseConnection->query('SELECT *
FROM `member`', [], false)
 3 SYSTEMPATH/Model.php(241): CodeIgniter\Database\BaseBuilder->get()
 4 SYSTEMPATH/BaseModel.php(618): CodeIgniter\Model->doFindAll(0, 0)
 5 APPPATH/Models/MemberModel.php(16): CodeIgniter\BaseModel->findAll()
 6 APPPATH/Controllers/Member.php(15): App\Models\MemberModel->getMember()
 7 SYSTEMPATH/CodeIgniter.php(934): App\Controllers\Member->index()
 8 SYSTEMPATH/CodeIgniter.php(499): CodeIgniter\CodeIgniter->runController(Object(App\Controllers\Member))
 9 SYSTEMPATH/CodeIgniter.php(368): CodeIgniter\CodeIgniter->handleRequest(null, Object(Config\Cache), false)
10 FCPATH/index.php(67): CodeIgniter\CodeIgniter->run()
11 SYSTEMPATH/Commands/Server/rewrite.php(47): require_once('/Users/shenyuting/moneyKeeper/public/index.php')
INFO - 2023-05-17 06:04:28 --> CSRF token verified.
ERROR - 2023-05-17 06:04:28 --> Error connecting to the database: mysqli_sql_exception: No such file or directory in /Users/shenyuting/moneyKeeper/vendor/codeigniter4/framework/system/Database/MySQLi/Connection.php:174
Stack trace:
#0 /Users/shenyuting/moneyKeeper/vendor/codeigniter4/framework/system/Database/MySQLi/Connection.php(174): mysqli->real_connect('localhost', 'root', '', 'ci4tutorial', 3306, '', 0)
#1 /Users/shenyuting/moneyKeeper/vendor/codeigniter4/framework/system/Database/BaseConnection.php(391): CodeIgniter\Database\MySQLi\Connection->connect(false)
#2 /Users/shenyuting/moneyKeeper/vendor/codeigniter4/framework/system/Database/BaseConnection.php(574): CodeIgniter\Database\BaseConnection->initialize()
#3 /Users/shenyuting/moneyKeeper/vendor/codeigniter4/framework/system/Database/BaseBuilder.php(2309): CodeIgniter\Database\BaseConnection->query('INSERT INTO `me...', Array, false)
#4 /Users/shenyuting/moneyKeeper/vendor/codeigniter4/framework/system/Model.php(330): CodeIgniter\Database\BaseBuilder->insert()
#5 /Users/shenyuting/moneyKeeper/vendor/codeigniter4/framework/system/BaseModel.php(782): CodeIgniter\Model->doInsert(Array)
#6 /Users/shenyuting/moneyKeeper/vendor/codeigniter4/framework/system/Model.php(730): CodeIgniter\BaseModel->insert(Array, false)
#7 /Users/shenyuting/moneyKeeper/vendor/codeigniter4/framework/system/BaseModel.php(692): CodeIgniter\Model->insert(Array, false)
#8 /Users/shenyuting/moneyKeeper/app/Controllers/Member.php(49): CodeIgniter\BaseModel->save(Array)
#9 /Users/shenyuting/moneyKeeper/vendor/codeigniter4/framework/system/CodeIgniter.php(934): App\Controllers\Member->create()
#10 /Users/shenyuting/moneyKeeper/vendor/codeigniter4/framework/system/CodeIgniter.php(499): CodeIgniter\CodeIgniter->runController(Object(App\Controllers\Member))
#11 /Users/shenyuting/moneyKeeper/vendor/codeigniter4/framework/system/CodeIgniter.php(368): CodeIgniter\CodeIgniter->handleRequest(NULL, Object(Config\Cache), false)
#12 /Users/shenyuting/moneyKeeper/public/index.php(67): CodeIgniter\CodeIgniter->run()
#13 /Users/shenyuting/moneyKeeper/vendor/codeigniter4/framework/system/Commands/Server/rewrite.php(47): require_once('/Users/shenyuti...')
#14 {main}

Next CodeIgniter\Database\Exceptions\DatabaseException: No such file or directory in /Users/shenyuting/moneyKeeper/vendor/codeigniter4/framework/system/Database/MySQLi/Connection.php:218
Stack trace:
#0 /Users/shenyuting/moneyKeeper/vendor/codeigniter4/framework/system/Database/BaseConnection.php(391): CodeIgniter\Database\MySQLi\Connection->connect(false)
#1 /Users/shenyuting/moneyKeeper/vendor/codeigniter4/framework/system/Database/BaseConnection.php(574): CodeIgniter\Database\BaseConnection->initialize()
#2 /Users/shenyuting/moneyKeeper/vendor/codeigniter4/framework/system/Database/BaseBuilder.php(2309): CodeIgniter\Database\BaseConnection->query('INSERT INTO `me...', Array, false)
#3 /Users/shenyuting/moneyKeeper/vendor/codeigniter4/framework/system/Model.php(330): CodeIgniter\Database\BaseBuilder->insert()
#4 /Users/shenyuting/moneyKeeper/vendor/codeigniter4/framework/system/BaseModel.php(782): CodeIgniter\Model->doInsert(Array)
#5 /Users/shenyuting/moneyKeeper/vendor/codeigniter4/framework/system/Model.php(730): CodeIgniter\BaseModel->insert(Array, false)
#6 /Users/shenyuting/moneyKeeper/vendor/codeigniter4/framework/system/BaseModel.php(692): CodeIgniter\Model->insert(Array, false)
#7 /Users/shenyuting/moneyKeeper/app/Controllers/Member.php(49): CodeIgniter\BaseModel->save(Array)
#8 /Users/shenyuting/moneyKeeper/vendor/codeigniter4/framework/system/CodeIgniter.php(934): App\Controllers\Member->create()
#9 /Users/shenyuting/moneyKeeper/vendor/codeigniter4/framework/system/CodeIgniter.php(499): CodeIgniter\CodeIgniter->runController(Object(App\Controllers\Member))
#10 /Users/shenyuting/moneyKeeper/vendor/codeigniter4/framework/system/CodeIgniter.php(368): CodeIgniter\CodeIgniter->handleRequest(NULL, Object(Config\Cache), false)
#11 /Users/shenyuting/moneyKeeper/public/index.php(67): CodeIgniter\CodeIgniter->run()
#12 /Users/shenyuting/moneyKeeper/vendor/codeigniter4/framework/system/Commands/Server/rewrite.php(47): require_once('/Users/shenyuti...')
#13 {main}
CRITICAL - 2023-05-17 06:04:28 --> Unable to connect to the database.
Main connection [MySQLi]: No such file or directory
in SYSTEMPATH/Database/BaseConnection.php on line 427.
 1 SYSTEMPATH/Database/BaseConnection.php(574): CodeIgniter\Database\BaseConnection->initialize()
 2 SYSTEMPATH/Database/BaseBuilder.php(2309): CodeIgniter\Database\BaseConnection->query('INSERT INTO `member` (`name`, `slug`, `email`, `password`) VALUES (:name:, :slug:, :email:, :password:)', [...], false)
 3 SYSTEMPATH/Model.php(330): CodeIgniter\Database\BaseBuilder->insert()
 4 SYSTEMPATH/BaseModel.php(782): CodeIgniter\Model->doInsert([...])
 5 SYSTEMPATH/Model.php(730): CodeIgniter\BaseModel->insert([...], false)
 6 SYSTEMPATH/BaseModel.php(692): CodeIgniter\Model->insert([...], false)
 7 APPPATH/Controllers/Member.php(49): CodeIgniter\BaseModel->save([...])
 8 SYSTEMPATH/CodeIgniter.php(934): App\Controllers\Member->create()
 9 SYSTEMPATH/CodeIgniter.php(499): CodeIgniter\CodeIgniter->runController(Object(App\Controllers\Member))
10 SYSTEMPATH/CodeIgniter.php(368): CodeIgniter\CodeIgniter->handleRequest(null, Object(Config\Cache), false)
11 FCPATH/index.php(67): CodeIgniter\CodeIgniter->run()
12 SYSTEMPATH/Commands/Server/rewrite.php(47): require_once('/Users/shenyuting/moneyKeeper/public/index.php')
ERROR - 2023-05-17 06:48:58 --> Error connecting to the database: mysqli_sql_exception: No such file or directory in /Users/shenyuting/moneyKeeper/vendor/codeigniter4/framework/system/Database/MySQLi/Connection.php:174
Stack trace:
#0 /Users/shenyuting/moneyKeeper/vendor/codeigniter4/framework/system/Database/MySQLi/Connection.php(174): mysqli->real_connect('localhost', 'root', '', 'moneyKeeper', 3306, '', 0)
#1 /Users/shenyuting/moneyKeeper/vendor/codeigniter4/framework/system/Database/BaseConnection.php(391): CodeIgniter\Database\MySQLi\Connection->connect(false)
#2 /Users/shenyuting/moneyKeeper/vendor/codeigniter4/framework/system/Database/BaseConnection.php(574): CodeIgniter\Database\BaseConnection->initialize()
#3 /Users/shenyuting/moneyKeeper/vendor/codeigniter4/framework/system/Database/BaseBuilder.php(1616): CodeIgniter\Database\BaseConnection->query('SELECT *\nFROM `...', Array, false)
#4 /Users/shenyuting/moneyKeeper/vendor/codeigniter4/framework/system/Model.php(241): CodeIgniter\Database\BaseBuilder->get()
#5 /Users/shenyuting/moneyKeeper/vendor/codeigniter4/framework/system/BaseModel.php(618): CodeIgniter\Model->doFindAll(0, 0)
#6 /Users/shenyuting/moneyKeeper/app/Models/MemberModel.php(16): CodeIgniter\BaseModel->findAll()
#7 /Users/shenyuting/moneyKeeper/app/Controllers/Member.php(15): App\Models\MemberModel->getMember()
#8 /Users/shenyuting/moneyKeeper/vendor/codeigniter4/framework/system/CodeIgniter.php(934): App\Controllers\Member->index()
#9 /Users/shenyuting/moneyKeeper/vendor/codeigniter4/framework/system/CodeIgniter.php(499): CodeIgniter\CodeIgniter->runController(Object(App\Controllers\Member))
#10 /Users/shenyuting/moneyKeeper/vendor/codeigniter4/framework/system/CodeIgniter.php(368): CodeIgniter\CodeIgniter->handleRequest(NULL, Object(Config\Cache), false)
#11 /Users/shenyuting/moneyKeeper/public/index.php(67): CodeIgniter\CodeIgniter->run()
#12 /Users/shenyuting/moneyKeeper/vendor/codeigniter4/framework/system/Commands/Server/rewrite.php(47): require_once('/Users/shenyuti...')
#13 {main}

Next CodeIgniter\Database\Exceptions\DatabaseException: No such file or directory in /Users/shenyuting/moneyKeeper/vendor/codeigniter4/framework/system/Database/MySQLi/Connection.php:218
Stack trace:
#0 /Users/shenyuting/moneyKeeper/vendor/codeigniter4/framework/system/Database/BaseConnection.php(391): CodeIgniter\Database\MySQLi\Connection->connect(false)
#1 /Users/shenyuting/moneyKeeper/vendor/codeigniter4/framework/system/Database/BaseConnection.php(574): CodeIgniter\Database\BaseConnection->initialize()
#2 /Users/shenyuting/moneyKeeper/vendor/codeigniter4/framework/system/Database/BaseBuilder.php(1616): CodeIgniter\Database\BaseConnection->query('SELECT *\nFROM `...', Array, false)
#3 /Users/shenyuting/moneyKeeper/vendor/codeigniter4/framework/system/Model.php(241): CodeIgniter\Database\BaseBuilder->get()
#4 /Users/shenyuting/moneyKeeper/vendor/codeigniter4/framework/system/BaseModel.php(618): CodeIgniter\Model->doFindAll(0, 0)
#5 /Users/shenyuting/moneyKeeper/app/Models/MemberModel.php(16): CodeIgniter\BaseModel->findAll()
#6 /Users/shenyuting/moneyKeeper/app/Controllers/Member.php(15): App\Models\MemberModel->getMember()
#7 /Users/shenyuting/moneyKeeper/vendor/codeigniter4/framework/system/CodeIgniter.php(934): App\Controllers\Member->index()
#8 /Users/shenyuting/moneyKeeper/vendor/codeigniter4/framework/system/CodeIgniter.php(499): CodeIgniter\CodeIgniter->runController(Object(App\Controllers\Member))
#9 /Users/shenyuting/moneyKeeper/vendor/codeigniter4/framework/system/CodeIgniter.php(368): CodeIgniter\CodeIgniter->handleRequest(NULL, Object(Config\Cache), false)
#10 /Users/shenyuting/moneyKeeper/public/index.php(67): CodeIgniter\CodeIgniter->run()
#11 /Users/shenyuting/moneyKeeper/vendor/codeigniter4/framework/system/Commands/Server/rewrite.php(47): require_once('/Users/shenyuti...')
#12 {main}
CRITICAL - 2023-05-17 06:48:58 --> Unable to connect to the database.
Main connection [MySQLi]: No such file or directory
in SYSTEMPATH/Database/BaseConnection.php on line 427.
 1 SYSTEMPATH/Database/BaseConnection.php(574): CodeIgniter\Database\BaseConnection->initialize()
 2 SYSTEMPATH/Database/BaseBuilder.php(1616): CodeIgniter\Database\BaseConnection->query('SELECT *
FROM `member`', [], false)
 3 SYSTEMPATH/Model.php(241): CodeIgniter\Database\BaseBuilder->get()
 4 SYSTEMPATH/BaseModel.php(618): CodeIgniter\Model->doFindAll(0, 0)
 5 APPPATH/Models/MemberModel.php(16): CodeIgniter\BaseModel->findAll()
 6 APPPATH/Controllers/Member.php(15): App\Models\MemberModel->getMember()
 7 SYSTEMPATH/CodeIgniter.php(934): App\Controllers\Member->index()
 8 SYSTEMPATH/CodeIgniter.php(499): CodeIgniter\CodeIgniter->runController(Object(App\Controllers\Member))
 9 SYSTEMPATH/CodeIgniter.php(368): CodeIgniter\CodeIgniter->handleRequest(null, Object(Config\Cache), false)
10 FCPATH/index.php(67): CodeIgniter\CodeIgniter->run()
11 SYSTEMPATH/Commands/Server/rewrite.php(47): require_once('/Users/shenyuting/moneyKeeper/public/index.php')
ERROR - 2023-05-17 06:48:58 --> Error connecting to the database: mysqli_sql_exception: No such file or directory in /Users/shenyuting/moneyKeeper/vendor/codeigniter4/framework/system/Database/MySQLi/Connection.php:174
Stack trace:
#0 /Users/shenyuting/moneyKeeper/vendor/codeigniter4/framework/system/Database/MySQLi/Connection.php(174): mysqli->real_connect('localhost', 'root', '', 'moneyKeeper', 3306, '', 0)
#1 /Users/shenyuting/moneyKeeper/vendor/codeigniter4/framework/system/Database/BaseConnection.php(391): CodeIgniter\Database\MySQLi\Connection->connect(false)
#2 /Users/shenyuting/moneyKeeper/vendor/codeigniter4/framework/system/Database/BaseConnection.php(574): CodeIgniter\Database\BaseConnection->initialize()
#3 /Users/shenyuting/moneyKeeper/vendor/codeigniter4/framework/system/Database/BaseBuilder.php(1616): CodeIgniter\Database\BaseConnection->query('SELECT *\nFROM `...', Array, false)
#4 /Users/shenyuting/moneyKeeper/vendor/codeigniter4/framework/system/Model.php(241): CodeIgniter\Database\BaseBuilder->get()
#5 /Users/shenyuting/moneyKeeper/vendor/codeigniter4/framework/system/BaseModel.php(618): CodeIgniter\Model->doFindAll(0, 0)
#6 /Users/shenyuting/moneyKeeper/app/Models/MemberModel.php(16): CodeIgniter\BaseModel->findAll()
#7 /Users/shenyuting/moneyKeeper/app/Controllers/Member.php(15): App\Models\MemberModel->getMember()
#8 /Users/shenyuting/moneyKeeper/vendor/codeigniter4/framework/system/CodeIgniter.php(934): App\Controllers\Member->index()
#9 /Users/shenyuting/moneyKeeper/vendor/codeigniter4/framework/system/CodeIgniter.php(499): CodeIgniter\CodeIgniter->runController(Object(App\Controllers\Member))
#10 /Users/shenyuting/moneyKeeper/vendor/codeigniter4/framework/system/CodeIgniter.php(368): CodeIgniter\CodeIgniter->handleRequest(NULL, Object(Config\Cache), false)
#11 /Users/shenyuting/moneyKeeper/public/index.php(67): CodeIgniter\CodeIgniter->run()
#12 /Users/shenyuting/moneyKeeper/vendor/codeigniter4/framework/system/Commands/Server/rewrite.php(47): require_once('/Users/shenyuti...')
#13 {main}

Next CodeIgniter\Database\Exceptions\DatabaseException: No such file or directory in /Users/shenyuting/moneyKeeper/vendor/codeigniter4/framework/system/Database/MySQLi/Connection.php:218
Stack trace:
#0 /Users/shenyuting/moneyKeeper/vendor/codeigniter4/framework/system/Database/BaseConnection.php(391): CodeIgniter\Database\MySQLi\Connection->connect(false)
#1 /Users/shenyuting/moneyKeeper/vendor/codeigniter4/framework/system/Database/BaseConnection.php(574): CodeIgniter\Database\BaseConnection->initialize()
#2 /Users/shenyuting/moneyKeeper/vendor/codeigniter4/framework/system/Database/BaseBuilder.php(1616): CodeIgniter\Database\BaseConnection->query('SELECT *\nFROM `...', Array, false)
#3 /Users/shenyuting/moneyKeeper/vendor/codeigniter4/framework/system/Model.php(241): CodeIgniter\Database\BaseBuilder->get()
#4 /Users/shenyuting/moneyKeeper/vendor/codeigniter4/framework/system/BaseModel.php(618): CodeIgniter\Model->doFindAll(0, 0)
#5 /Users/shenyuting/moneyKeeper/app/Models/MemberModel.php(16): CodeIgniter\BaseModel->findAll()
#6 /Users/shenyuting/moneyKeeper/app/Controllers/Member.php(15): App\Models\MemberModel->getMember()
#7 /Users/shenyuting/moneyKeeper/vendor/codeigniter4/framework/system/CodeIgniter.php(934): App\Controllers\Member->index()
#8 /Users/shenyuting/moneyKeeper/vendor/codeigniter4/framework/system/CodeIgniter.php(499): CodeIgniter\CodeIgniter->runController(Object(App\Controllers\Member))
#9 /Users/shenyuting/moneyKeeper/vendor/codeigniter4/framework/system/CodeIgniter.php(368): CodeIgniter\CodeIgniter->handleRequest(NULL, Object(Config\Cache), false)
#10 /Users/shenyuting/moneyKeeper/public/index.php(67): CodeIgniter\CodeIgniter->run()
#11 /Users/shenyuting/moneyKeeper/vendor/codeigniter4/framework/system/Commands/Server/rewrite.php(47): require_once('/Users/shenyuti...')
#12 {main}
CRITICAL - 2023-05-17 06:48:58 --> Unable to connect to the database.
Main connection [MySQLi]: No such file or directory
in SYSTEMPATH/Database/BaseConnection.php on line 427.
 1 SYSTEMPATH/Database/BaseConnection.php(574): CodeIgniter\Database\BaseConnection->initialize()
 2 SYSTEMPATH/Database/BaseBuilder.php(1616): CodeIgniter\Database\BaseConnection->query('SELECT *
FROM `member`', [], false)
 3 SYSTEMPATH/Model.php(241): CodeIgniter\Database\BaseBuilder->get()
 4 SYSTEMPATH/BaseModel.php(618): CodeIgniter\Model->doFindAll(0, 0)
 5 APPPATH/Models/MemberModel.php(16): CodeIgniter\BaseModel->findAll()
 6 APPPATH/Controllers/Member.php(15): App\Models\MemberModel->getMember()
 7 SYSTEMPATH/CodeIgniter.php(934): App\Controllers\Member->index()
 8 SYSTEMPATH/CodeIgniter.php(499): CodeIgniter\CodeIgniter->runController(Object(App\Controllers\Member))
 9 SYSTEMPATH/CodeIgniter.php(368): CodeIgniter\CodeIgniter->handleRequest(null, Object(Config\Cache), false)
10 FCPATH/index.php(67): CodeIgniter\CodeIgniter->run()
11 SYSTEMPATH/Commands/Server/rewrite.php(47): require_once('/Users/shenyuting/moneyKeeper/public/index.php')
ERROR - 2023-05-17 06:50:02 --> Error connecting to the database: mysqli_sql_exception: No such file or directory in /Users/shenyuting/moneyKeeper/vendor/codeigniter4/framework/system/Database/MySQLi/Connection.php:174
Stack trace:
#0 /Users/shenyuting/moneyKeeper/vendor/codeigniter4/framework/system/Database/MySQLi/Connection.php(174): mysqli->real_connect('localhost', 'root', '', 'moneyKeeper', 3306, '', 0)
#1 /Users/shenyuting/moneyKeeper/vendor/codeigniter4/framework/system/Database/BaseConnection.php(391): CodeIgniter\Database\MySQLi\Connection->connect(false)
#2 /Users/shenyuting/moneyKeeper/vendor/codeigniter4/framework/system/Database/BaseConnection.php(574): CodeIgniter\Database\BaseConnection->initialize()
#3 /Users/shenyuting/moneyKeeper/vendor/codeigniter4/framework/system/Database/BaseBuilder.php(1616): CodeIgniter\Database\BaseConnection->query('SELECT *\nFROM `...', Array, false)
#4 /Users/shenyuting/moneyKeeper/vendor/codeigniter4/framework/system/Model.php(241): CodeIgniter\Database\BaseBuilder->get()
#5 /Users/shenyuting/moneyKeeper/vendor/codeigniter4/framework/system/BaseModel.php(618): CodeIgniter\Model->doFindAll(0, 0)
#6 /Users/shenyuting/moneyKeeper/app/Models/MemberModel.php(16): CodeIgniter\BaseModel->findAll()
#7 /Users/shenyuting/moneyKeeper/app/Controllers/Member.php(15): App\Models\MemberModel->getMember()
#8 /Users/shenyuting/moneyKeeper/vendor/codeigniter4/framework/system/CodeIgniter.php(934): App\Controllers\Member->index()
#9 /Users/shenyuting/moneyKeeper/vendor/codeigniter4/framework/system/CodeIgniter.php(499): CodeIgniter\CodeIgniter->runController(Object(App\Controllers\Member))
#10 /Users/shenyuting/moneyKeeper/vendor/codeigniter4/framework/system/CodeIgniter.php(368): CodeIgniter\CodeIgniter->handleRequest(NULL, Object(Config\Cache), false)
#11 /Users/shenyuting/moneyKeeper/public/index.php(67): CodeIgniter\CodeIgniter->run()
#12 /Users/shenyuting/moneyKeeper/vendor/codeigniter4/framework/system/Commands/Server/rewrite.php(47): require_once('/Users/shenyuti...')
#13 {main}

Next CodeIgniter\Database\Exceptions\DatabaseException: No such file or directory in /Users/shenyuting/moneyKeeper/vendor/codeigniter4/framework/system/Database/MySQLi/Connection.php:218
Stack trace:
#0 /Users/shenyuting/moneyKeeper/vendor/codeigniter4/framework/system/Database/BaseConnection.php(391): CodeIgniter\Database\MySQLi\Connection->connect(false)
#1 /Users/shenyuting/moneyKeeper/vendor/codeigniter4/framework/system/Database/BaseConnection.php(574): CodeIgniter\Database\BaseConnection->initialize()
#2 /Users/shenyuting/moneyKeeper/vendor/codeigniter4/framework/system/Database/BaseBuilder.php(1616): CodeIgniter\Database\BaseConnection->query('SELECT *\nFROM `...', Array, false)
#3 /Users/shenyuting/moneyKeeper/vendor/codeigniter4/framework/system/Model.php(241): CodeIgniter\Database\BaseBuilder->get()
#4 /Users/shenyuting/moneyKeeper/vendor/codeigniter4/framework/system/BaseModel.php(618): CodeIgniter\Model->doFindAll(0, 0)
#5 /Users/shenyuting/moneyKeeper/app/Models/MemberModel.php(16): CodeIgniter\BaseModel->findAll()
#6 /Users/shenyuting/moneyKeeper/app/Controllers/Member.php(15): App\Models\MemberModel->getMember()
#7 /Users/shenyuting/moneyKeeper/vendor/codeigniter4/framework/system/CodeIgniter.php(934): App\Controllers\Member->index()
#8 /Users/shenyuting/moneyKeeper/vendor/codeigniter4/framework/system/CodeIgniter.php(499): CodeIgniter\CodeIgniter->runController(Object(App\Controllers\Member))
#9 /Users/shenyuting/moneyKeeper/vendor/codeigniter4/framework/system/CodeIgniter.php(368): CodeIgniter\CodeIgniter->handleRequest(NULL, Object(Config\Cache), false)
#10 /Users/shenyuting/moneyKeeper/public/index.php(67): CodeIgniter\CodeIgniter->run()
#11 /Users/shenyuting/moneyKeeper/vendor/codeigniter4/framework/system/Commands/Server/rewrite.php(47): require_once('/Users/shenyuti...')
#12 {main}
CRITICAL - 2023-05-17 06:50:02 --> Unable to connect to the database.
Main connection [MySQLi]: No such file or directory
in SYSTEMPATH/Database/BaseConnection.php on line 427.
 1 SYSTEMPATH/Database/BaseConnection.php(574): CodeIgniter\Database\BaseConnection->initialize()
 2 SYSTEMPATH/Database/BaseBuilder.php(1616): CodeIgniter\Database\BaseConnection->query('SELECT *
FROM `member`', [], false)
 3 SYSTEMPATH/Model.php(241): CodeIgniter\Database\BaseBuilder->get()
 4 SYSTEMPATH/BaseModel.php(618): CodeIgniter\Model->doFindAll(0, 0)
 5 APPPATH/Models/MemberModel.php(16): CodeIgniter\BaseModel->findAll()
 6 APPPATH/Controllers/Member.php(15): App\Models\MemberModel->getMember()
 7 SYSTEMPATH/CodeIgniter.php(934): App\Controllers\Member->index()
 8 SYSTEMPATH/CodeIgniter.php(499): CodeIgniter\CodeIgniter->runController(Object(App\Controllers\Member))
 9 SYSTEMPATH/CodeIgniter.php(368): CodeIgniter\CodeIgniter->handleRequest(null, Object(Config\Cache), false)
10 FCPATH/index.php(67): CodeIgniter\CodeIgniter->run()
11 SYSTEMPATH/Commands/Server/rewrite.php(47): require_once('/Users/shenyuting/moneyKeeper/public/index.php')
ERROR - 2023-05-17 06:50:02 --> Error connecting to the database: mysqli_sql_exception: No such file or directory in /Users/shenyuting/moneyKeeper/vendor/codeigniter4/framework/system/Database/MySQLi/Connection.php:174
Stack trace:
#0 /Users/shenyuting/moneyKeeper/vendor/codeigniter4/framework/system/Database/MySQLi/Connection.php(174): mysqli->real_connect('localhost', 'root', '', 'moneyKeeper', 3306, '', 0)
#1 /Users/shenyuting/moneyKeeper/vendor/codeigniter4/framework/system/Database/BaseConnection.php(391): CodeIgniter\Database\MySQLi\Connection->connect(false)
#2 /Users/shenyuting/moneyKeeper/vendor/codeigniter4/framework/system/Database/BaseConnection.php(574): CodeIgniter\Database\BaseConnection->initialize()
#3 /Users/shenyuting/moneyKeeper/vendor/codeigniter4/framework/system/Database/BaseBuilder.php(1616): CodeIgniter\Database\BaseConnection->query('SELECT *\nFROM `...', Array, false)
#4 /Users/shenyuting/moneyKeeper/vendor/codeigniter4/framework/system/Model.php(241): CodeIgniter\Database\BaseBuilder->get()
#5 /Users/shenyuting/moneyKeeper/vendor/codeigniter4/framework/system/BaseModel.php(618): CodeIgniter\Model->doFindAll(0, 0)
#6 /Users/shenyuting/moneyKeeper/app/Models/MemberModel.php(16): CodeIgniter\BaseModel->findAll()
#7 /Users/shenyuting/moneyKeeper/app/Controllers/Member.php(15): App\Models\MemberModel->getMember()
#8 /Users/shenyuting/moneyKeeper/vendor/codeigniter4/framework/system/CodeIgniter.php(934): App\Controllers\Member->index()
#9 /Users/shenyuting/moneyKeeper/vendor/codeigniter4/framework/system/CodeIgniter.php(499): CodeIgniter\CodeIgniter->runController(Object(App\Controllers\Member))
#10 /Users/shenyuting/moneyKeeper/vendor/codeigniter4/framework/system/CodeIgniter.php(368): CodeIgniter\CodeIgniter->handleRequest(NULL, Object(Config\Cache), false)
#11 /Users/shenyuting/moneyKeeper/public/index.php(67): CodeIgniter\CodeIgniter->run()
#12 /Users/shenyuting/moneyKeeper/vendor/codeigniter4/framework/system/Commands/Server/rewrite.php(47): require_once('/Users/shenyuti...')
#13 {main}

Next CodeIgniter\Database\Exceptions\DatabaseException: No such file or directory in /Users/shenyuting/moneyKeeper/vendor/codeigniter4/framework/system/Database/MySQLi/Connection.php:218
Stack trace:
#0 /Users/shenyuting/moneyKeeper/vendor/codeigniter4/framework/system/Database/BaseConnection.php(391): CodeIgniter\Database\MySQLi\Connection->connect(false)
#1 /Users/shenyuting/moneyKeeper/vendor/codeigniter4/framework/system/Database/BaseConnection.php(574): CodeIgniter\Database\BaseConnection->initialize()
#2 /Users/shenyuting/moneyKeeper/vendor/codeigniter4/framework/system/Database/BaseBuilder.php(1616): CodeIgniter\Database\BaseConnection->query('SELECT *\nFROM `...', Array, false)
#3 /Users/shenyuting/moneyKeeper/vendor/codeigniter4/framework/system/Model.php(241): CodeIgniter\Database\BaseBuilder->get()
#4 /Users/shenyuting/moneyKeeper/vendor/codeigniter4/framework/system/BaseModel.php(618): CodeIgniter\Model->doFindAll(0, 0)
#5 /Users/shenyuting/moneyKeeper/app/Models/MemberModel.php(16): CodeIgniter\BaseModel->findAll()
#6 /Users/shenyuting/moneyKeeper/app/Controllers/Member.php(15): App\Models\MemberModel->getMember()
#7 /Users/shenyuting/moneyKeeper/vendor/codeigniter4/framework/system/CodeIgniter.php(934): App\Controllers\Member->index()
#8 /Users/shenyuting/moneyKeeper/vendor/codeigniter4/framework/system/CodeIgniter.php(499): CodeIgniter\CodeIgniter->runController(Object(App\Controllers\Member))
#9 /Users/shenyuting/moneyKeeper/vendor/codeigniter4/framework/system/CodeIgniter.php(368): CodeIgniter\CodeIgniter->handleRequest(NULL, Object(Config\Cache), false)
#10 /Users/shenyuting/moneyKeeper/public/index.php(67): CodeIgniter\CodeIgniter->run()
#11 /Users/shenyuting/moneyKeeper/vendor/codeigniter4/framework/system/Commands/Server/rewrite.php(47): require_once('/Users/shenyuti...')
#12 {main}
CRITICAL - 2023-05-17 06:50:02 --> Unable to connect to the database.
Main connection [MySQLi]: No such file or directory
in SYSTEMPATH/Database/BaseConnection.php on line 427.
 1 SYSTEMPATH/Database/BaseConnection.php(574): CodeIgniter\Database\BaseConnection->initialize()
 2 SYSTEMPATH/Database/BaseBuilder.php(1616): CodeIgniter\Database\BaseConnection->query('SELECT *
FROM `member`', [], false)
 3 SYSTEMPATH/Model.php(241): CodeIgniter\Database\BaseBuilder->get()
 4 SYSTEMPATH/BaseModel.php(618): CodeIgniter\Model->doFindAll(0, 0)
 5 APPPATH/Models/MemberModel.php(16): CodeIgniter\BaseModel->findAll()
 6 APPPATH/Controllers/Member.php(15): App\Models\MemberModel->getMember()
 7 SYSTEMPATH/CodeIgniter.php(934): App\Controllers\Member->index()
 8 SYSTEMPATH/CodeIgniter.php(499): CodeIgniter\CodeIgniter->runController(Object(App\Controllers\Member))
 9 SYSTEMPATH/CodeIgniter.php(368): CodeIgniter\CodeIgniter->handleRequest(null, Object(Config\Cache), false)
10 FCPATH/index.php(67): CodeIgniter\CodeIgniter->run()
11 SYSTEMPATH/Commands/Server/rewrite.php(47): require_once('/Users/shenyuting/moneyKeeper/public/index.php')
ERROR - 2023-05-17 06:50:39 --> Error connecting to the database: mysqli_sql_exception: No such file or directory in /Users/shenyuting/moneyKeeper/vendor/codeigniter4/framework/system/Database/MySQLi/Connection.php:174
Stack trace:
#0 /Users/shenyuting/moneyKeeper/vendor/codeigniter4/framework/system/Database/MySQLi/Connection.php(174): mysqli->real_connect('localhost', 'root', '', 'moneyKeeper', 3306, '', 0)
#1 /Users/shenyuting/moneyKeeper/vendor/codeigniter4/framework/system/Database/BaseConnection.php(391): CodeIgniter\Database\MySQLi\Connection->connect(false)
#2 /Users/shenyuting/moneyKeeper/vendor/codeigniter4/framework/system/Database/BaseConnection.php(574): CodeIgniter\Database\BaseConnection->initialize()
#3 /Users/shenyuting/moneyKeeper/vendor/codeigniter4/framework/system/Database/BaseBuilder.php(1616): CodeIgniter\Database\BaseConnection->query('SELECT *\nFROM `...', Array, false)
#4 /Users/shenyuting/moneyKeeper/vendor/codeigniter4/framework/system/Model.php(241): CodeIgniter\Database\BaseBuilder->get()
#5 /Users/shenyuting/moneyKeeper/vendor/codeigniter4/framework/system/BaseModel.php(618): CodeIgniter\Model->doFindAll(0, 0)
#6 /Users/shenyuting/moneyKeeper/app/Models/MemberModel.php(16): CodeIgniter\BaseModel->findAll()
#7 /Users/shenyuting/moneyKeeper/app/Controllers/Member.php(15): App\Models\MemberModel->getMember()
#8 /Users/shenyuting/moneyKeeper/vendor/codeigniter4/framework/system/CodeIgniter.php(934): App\Controllers\Member->index()
#9 /Users/shenyuting/moneyKeeper/vendor/codeigniter4/framework/system/CodeIgniter.php(499): CodeIgniter\CodeIgniter->runController(Object(App\Controllers\Member))
#10 /Users/shenyuting/moneyKeeper/vendor/codeigniter4/framework/system/CodeIgniter.php(368): CodeIgniter\CodeIgniter->handleRequest(NULL, Object(Config\Cache), false)
#11 /Users/shenyuting/moneyKeeper/public/index.php(67): CodeIgniter\CodeIgniter->run()
#12 /Users/shenyuting/moneyKeeper/vendor/codeigniter4/framework/system/Commands/Server/rewrite.php(47): require_once('/Users/shenyuti...')
#13 {main}

Next CodeIgniter\Database\Exceptions\DatabaseException: No such file or directory in /Users/shenyuting/moneyKeeper/vendor/codeigniter4/framework/system/Database/MySQLi/Connection.php:218
Stack trace:
#0 /Users/shenyuting/moneyKeeper/vendor/codeigniter4/framework/system/Database/BaseConnection.php(391): CodeIgniter\Database\MySQLi\Connection->connect(false)
#1 /Users/shenyuting/moneyKeeper/vendor/codeigniter4/framework/system/Database/BaseConnection.php(574): CodeIgniter\Database\BaseConnection->initialize()
#2 /Users/shenyuting/moneyKeeper/vendor/codeigniter4/framework/system/Database/BaseBuilder.php(1616): CodeIgniter\Database\BaseConnection->query('SELECT *\nFROM `...', Array, false)
#3 /Users/shenyuting/moneyKeeper/vendor/codeigniter4/framework/system/Model.php(241): CodeIgniter\Database\BaseBuilder->get()
#4 /Users/shenyuting/moneyKeeper/vendor/codeigniter4/framework/system/BaseModel.php(618): CodeIgniter\Model->doFindAll(0, 0)
#5 /Users/shenyuting/moneyKeeper/app/Models/MemberModel.php(16): CodeIgniter\BaseModel->findAll()
#6 /Users/shenyuting/moneyKeeper/app/Controllers/Member.php(15): App\Models\MemberModel->getMember()
#7 /Users/shenyuting/moneyKeeper/vendor/codeigniter4/framework/system/CodeIgniter.php(934): App\Controllers\Member->index()
#8 /Users/shenyuting/moneyKeeper/vendor/codeigniter4/framework/system/CodeIgniter.php(499): CodeIgniter\CodeIgniter->runController(Object(App\Controllers\Member))
#9 /Users/shenyuting/moneyKeeper/vendor/codeigniter4/framework/system/CodeIgniter.php(368): CodeIgniter\CodeIgniter->handleRequest(NULL, Object(Config\Cache), false)
#10 /Users/shenyuting/moneyKeeper/public/index.php(67): CodeIgniter\CodeIgniter->run()
#11 /Users/shenyuting/moneyKeeper/vendor/codeigniter4/framework/system/Commands/Server/rewrite.php(47): require_once('/Users/shenyuti...')
#12 {main}
CRITICAL - 2023-05-17 06:50:39 --> Unable to connect to the database.
Main connection [MySQLi]: No such file or directory
in SYSTEMPATH/Database/BaseConnection.php on line 427.
 1 SYSTEMPATH/Database/BaseConnection.php(574): CodeIgniter\Database\BaseConnection->initialize()
 2 SYSTEMPATH/Database/BaseBuilder.php(1616): CodeIgniter\Database\BaseConnection->query('SELECT *
FROM `member`', [], false)
 3 SYSTEMPATH/Model.php(241): CodeIgniter\Database\BaseBuilder->get()
 4 SYSTEMPATH/BaseModel.php(618): CodeIgniter\Model->doFindAll(0, 0)
 5 APPPATH/Models/MemberModel.php(16): CodeIgniter\BaseModel->findAll()
 6 APPPATH/Controllers/Member.php(15): App\Models\MemberModel->getMember()
 7 SYSTEMPATH/CodeIgniter.php(934): App\Controllers\Member->index()
 8 SYSTEMPATH/CodeIgniter.php(499): CodeIgniter\CodeIgniter->runController(Object(App\Controllers\Member))
 9 SYSTEMPATH/CodeIgniter.php(368): CodeIgniter\CodeIgniter->handleRequest(null, Object(Config\Cache), false)
10 FCPATH/index.php(67): CodeIgniter\CodeIgniter->run()
11 SYSTEMPATH/Commands/Server/rewrite.php(47): require_once('/Users/shenyuting/moneyKeeper/public/index.php')
CRITICAL - 2023-05-17 06:50:40 --> Too few arguments to function App\Models\MembersModel::getMember(), 0 passed in /Users/shenyuting/moneyKeeper/app/Controllers/Members.php on line 15 and exactly 4 expected
in APPPATH/Models/MembersModel.php on line 13.
 1 APPPATH/Controllers/Members.php(15): App\Models\MembersModel->getMember()
 2 SYSTEMPATH/CodeIgniter.php(934): App\Controllers\Members->index()
 3 SYSTEMPATH/CodeIgniter.php(499): CodeIgniter\CodeIgniter->runController(Object(App\Controllers\Members))
 4 SYSTEMPATH/CodeIgniter.php(368): CodeIgniter\CodeIgniter->handleRequest(null, Object(Config\Cache), false)
 5 FCPATH/index.php(67): CodeIgniter\CodeIgniter->run()
 6 SYSTEMPATH/Commands/Server/rewrite.php(47): require_once('/Users/shenyuting/moneyKeeper/public/index.php')
INFO - 2023-05-17 06:54:44 --> CSRF token verified.
ERROR - 2023-05-17 06:54:44 --> Error connecting to the database: mysqli_sql_exception: No such file or directory in /Users/shenyuting/moneyKeeper/vendor/codeigniter4/framework/system/Database/MySQLi/Connection.php:174
Stack trace:
#0 /Users/shenyuting/moneyKeeper/vendor/codeigniter4/framework/system/Database/MySQLi/Connection.php(174): mysqli->real_connect('localhost', 'root', '', 'moneyKeeper', 3306, '', 0)
#1 /Users/shenyuting/moneyKeeper/vendor/codeigniter4/framework/system/Database/BaseConnection.php(391): CodeIgniter\Database\MySQLi\Connection->connect(false)
#2 /Users/shenyuting/moneyKeeper/vendor/codeigniter4/framework/system/Database/BaseConnection.php(574): CodeIgniter\Database\BaseConnection->initialize()
#3 /Users/shenyuting/moneyKeeper/vendor/codeigniter4/framework/system/Database/BaseBuilder.php(2309): CodeIgniter\Database\BaseConnection->query('INSERT INTO `me...', Array, false)
#4 /Users/shenyuting/moneyKeeper/vendor/codeigniter4/framework/system/Model.php(330): CodeIgniter\Database\BaseBuilder->insert()
#5 /Users/shenyuting/moneyKeeper/vendor/codeigniter4/framework/system/BaseModel.php(782): CodeIgniter\Model->doInsert(Array)
#6 /Users/shenyuting/moneyKeeper/vendor/codeigniter4/framework/system/Model.php(730): CodeIgniter\BaseModel->insert(Array, false)
#7 /Users/shenyuting/moneyKeeper/vendor/codeigniter4/framework/system/BaseModel.php(692): CodeIgniter\Model->insert(Array, false)
#8 /Users/shenyuting/moneyKeeper/app/Controllers/Members.php(50): CodeIgniter\BaseModel->save(Array)
#9 /Users/shenyuting/moneyKeeper/vendor/codeigniter4/framework/system/CodeIgniter.php(934): App\Controllers\Members->register()
#10 /Users/shenyuting/moneyKeeper/vendor/codeigniter4/framework/system/CodeIgniter.php(499): CodeIgniter\CodeIgniter->runController(Object(App\Controllers\Members))
#11 /Users/shenyuting/moneyKeeper/vendor/codeigniter4/framework/system/CodeIgniter.php(368): CodeIgniter\CodeIgniter->handleRequest(NULL, Object(Config\Cache), false)
#12 /Users/shenyuting/moneyKeeper/public/index.php(67): CodeIgniter\CodeIgniter->run()
#13 /Users/shenyuting/moneyKeeper/vendor/codeigniter4/framework/system/Commands/Server/rewrite.php(47): require_once('/Users/shenyuti...')
#14 {main}

Next CodeIgniter\Database\Exceptions\DatabaseException: No such file or directory in /Users/shenyuting/moneyKeeper/vendor/codeigniter4/framework/system/Database/MySQLi/Connection.php:218
Stack trace:
#0 /Users/shenyuting/moneyKeeper/vendor/codeigniter4/framework/system/Database/BaseConnection.php(391): CodeIgniter\Database\MySQLi\Connection->connect(false)
#1 /Users/shenyuting/moneyKeeper/vendor/codeigniter4/framework/system/Database/BaseConnection.php(574): CodeIgniter\Database\BaseConnection->initialize()
#2 /Users/shenyuting/moneyKeeper/vendor/codeigniter4/framework/system/Database/BaseBuilder.php(2309): CodeIgniter\Database\BaseConnection->query('INSERT INTO `me...', Array, false)
#3 /Users/shenyuting/moneyKeeper/vendor/codeigniter4/framework/system/Model.php(330): CodeIgniter\Database\BaseBuilder->insert()
#4 /Users/shenyuting/moneyKeeper/vendor/codeigniter4/framework/system/BaseModel.php(782): CodeIgniter\Model->doInsert(Array)
#5 /Users/shenyuting/moneyKeeper/vendor/codeigniter4/framework/system/Model.php(730): CodeIgniter\BaseModel->insert(Array, false)
#6 /Users/shenyuting/moneyKeeper/vendor/codeigniter4/framework/system/BaseModel.php(692): CodeIgniter\Model->insert(Array, false)
#7 /Users/shenyuting/moneyKeeper/app/Controllers/Members.php(50): CodeIgniter\BaseModel->save(Array)
#8 /Users/shenyuting/moneyKeeper/vendor/codeigniter4/framework/system/CodeIgniter.php(934): App\Controllers\Members->register()
#9 /Users/shenyuting/moneyKeeper/vendor/codeigniter4/framework/system/CodeIgniter.php(499): CodeIgniter\CodeIgniter->runController(Object(App\Controllers\Members))
#10 /Users/shenyuting/moneyKeeper/vendor/codeigniter4/framework/system/CodeIgniter.php(368): CodeIgniter\CodeIgniter->handleRequest(NULL, Object(Config\Cache), false)
#11 /Users/shenyuting/moneyKeeper/public/index.php(67): CodeIgniter\CodeIgniter->run()
#12 /Users/shenyuting/moneyKeeper/vendor/codeigniter4/framework/system/Commands/Server/rewrite.php(47): require_once('/Users/shenyuti...')
#13 {main}
CRITICAL - 2023-05-17 06:54:44 --> Unable to connect to the database.
Main connection [MySQLi]: No such file or directory
in SYSTEMPATH/Database/BaseConnection.php on line 427.
 1 SYSTEMPATH/Database/BaseConnection.php(574): CodeIgniter\Database\BaseConnection->initialize()
 2 SYSTEMPATH/Database/BaseBuilder.php(2309): CodeIgniter\Database\BaseConnection->query('INSERT INTO `members` (`firstName`, `lastName`, `email`, `password`) VALUES (:firstName:, :lastName:, :email:, :password:)', [...], false)
 3 SYSTEMPATH/Model.php(330): CodeIgniter\Database\BaseBuilder->insert()
 4 SYSTEMPATH/BaseModel.php(782): CodeIgniter\Model->doInsert([...])
 5 SYSTEMPATH/Model.php(730): CodeIgniter\BaseModel->insert([...], false)
 6 SYSTEMPATH/BaseModel.php(692): CodeIgniter\Model->insert([...], false)
 7 APPPATH/Controllers/Members.php(50): CodeIgniter\BaseModel->save([...])
 8 SYSTEMPATH/CodeIgniter.php(934): App\Controllers\Members->register()
 9 SYSTEMPATH/CodeIgniter.php(499): CodeIgniter\CodeIgniter->runController(Object(App\Controllers\Members))
10 SYSTEMPATH/CodeIgniter.php(368): CodeIgniter\CodeIgniter->handleRequest(null, Object(Config\Cache), false)
11 FCPATH/index.php(67): CodeIgniter\CodeIgniter->run()
12 SYSTEMPATH/Commands/Server/rewrite.php(47): require_once('/Users/shenyuting/moneyKeeper/public/index.php')
CRITICAL - 2023-05-17 07:20:51 --> The action you requested is not allowed.
in SYSTEMPATH/Security/Security.php on line 306.
 1 SYSTEMPATH/Security/Security.php(306): CodeIgniter\Security\Exceptions\SecurityException::forDisallowedAction()
 2 SYSTEMPATH/Filters/CSRF.php(55): CodeIgniter\Security\Security->verify(Object(CodeIgniter\HTTP\IncomingRequest))
 3 SYSTEMPATH/Filters/Filters.php(173): CodeIgniter\Filters\CSRF->before(Object(CodeIgniter\HTTP\IncomingRequest), null)
 4 SYSTEMPATH/CodeIgniter.php(473): CodeIgniter\Filters\Filters->run('members/register', 'before')
 5 SYSTEMPATH/CodeIgniter.php(368): CodeIgniter\CodeIgniter->handleRequest(null, Object(Config\Cache), false)
 6 FCPATH/index.php(67): CodeIgniter\CodeIgniter->run()
 7 SYSTEMPATH/Commands/Server/rewrite.php(47): require_once('/Users/shenyuting/moneyKeeper/public/index.php')
ERROR - 2023-05-17 07:20:53 --> Error connecting to the database: mysqli_sql_exception: No such file or directory in /Users/shenyuting/moneyKeeper/vendor/codeigniter4/framework/system/Database/MySQLi/Connection.php:174
Stack trace:
#0 /Users/shenyuting/moneyKeeper/vendor/codeigniter4/framework/system/Database/MySQLi/Connection.php(174): mysqli->real_connect('localhost', 'root', '', 'moneyKeeper', 3306, '', 0)
#1 /Users/shenyuting/moneyKeeper/vendor/codeigniter4/framework/system/Database/BaseConnection.php(391): CodeIgniter\Database\MySQLi\Connection->connect(false)
#2 /Users/shenyuting/moneyKeeper/vendor/codeigniter4/framework/system/Database/BaseConnection.php(574): CodeIgniter\Database\BaseConnection->initialize()
#3 /Users/shenyuting/moneyKeeper/vendor/codeigniter4/framework/system/Database/BaseBuilder.php(1616): CodeIgniter\Database\BaseConnection->query('SELECT *\nFROM `...', Array, false)
#4 /Users/shenyuting/moneyKeeper/vendor/codeigniter4/framework/system/Model.php(241): CodeIgniter\Database\BaseBuilder->get()
#5 /Users/shenyuting/moneyKeeper/vendor/codeigniter4/framework/system/BaseModel.php(618): CodeIgniter\Model->doFindAll(0, 0)
#6 /Users/shenyuting/moneyKeeper/app/Models/MemberModel.php(16): CodeIgniter\BaseModel->findAll()
#7 /Users/shenyuting/moneyKeeper/app/Controllers/Member.php(15): App\Models\MemberModel->getMember()
#8 /Users/shenyuting/moneyKeeper/vendor/codeigniter4/framework/system/CodeIgniter.php(934): App\Controllers\Member->index()
#9 /Users/shenyuting/moneyKeeper/vendor/codeigniter4/framework/system/CodeIgniter.php(499): CodeIgniter\CodeIgniter->runController(Object(App\Controllers\Member))
#10 /Users/shenyuting/moneyKeeper/vendor/codeigniter4/framework/system/CodeIgniter.php(368): CodeIgniter\CodeIgniter->handleRequest(NULL, Object(Config\Cache), false)
#11 /Users/shenyuting/moneyKeeper/public/index.php(67): CodeIgniter\CodeIgniter->run()
#12 /Users/shenyuting/moneyKeeper/vendor/codeigniter4/framework/system/Commands/Server/rewrite.php(47): require_once('/Users/shenyuti...')
#13 {main}

Next CodeIgniter\Database\Exceptions\DatabaseException: No such file or directory in /Users/shenyuting/moneyKeeper/vendor/codeigniter4/framework/system/Database/MySQLi/Connection.php:218
Stack trace:
#0 /Users/shenyuting/moneyKeeper/vendor/codeigniter4/framework/system/Database/BaseConnection.php(391): CodeIgniter\Database\MySQLi\Connection->connect(false)
#1 /Users/shenyuting/moneyKeeper/vendor/codeigniter4/framework/system/Database/BaseConnection.php(574): CodeIgniter\Database\BaseConnection->initialize()
#2 /Users/shenyuting/moneyKeeper/vendor/codeigniter4/framework/system/Database/BaseBuilder.php(1616): CodeIgniter\Database\BaseConnection->query('SELECT *\nFROM `...', Array, false)
#3 /Users/shenyuting/moneyKeeper/vendor/codeigniter4/framework/system/Model.php(241): CodeIgniter\Database\BaseBuilder->get()
#4 /Users/shenyuting/moneyKeeper/vendor/codeigniter4/framework/system/BaseModel.php(618): CodeIgniter\Model->doFindAll(0, 0)
#5 /Users/shenyuting/moneyKeeper/app/Models/MemberModel.php(16): CodeIgniter\BaseModel->findAll()
#6 /Users/shenyuting/moneyKeeper/app/Controllers/Member.php(15): App\Models\MemberModel->getMember()
#7 /Users/shenyuting/moneyKeeper/vendor/codeigniter4/framework/system/CodeIgniter.php(934): App\Controllers\Member->index()
#8 /Users/shenyuting/moneyKeeper/vendor/codeigniter4/framework/system/CodeIgniter.php(499): CodeIgniter\CodeIgniter->runController(Object(App\Controllers\Member))
#9 /Users/shenyuting/moneyKeeper/vendor/codeigniter4/framework/system/CodeIgniter.php(368): CodeIgniter\CodeIgniter->handleRequest(NULL, Object(Config\Cache), false)
#10 /Users/shenyuting/moneyKeeper/public/index.php(67): CodeIgniter\CodeIgniter->run()
#11 /Users/shenyuting/moneyKeeper/vendor/codeigniter4/framework/system/Commands/Server/rewrite.php(47): require_once('/Users/shenyuti...')
#12 {main}
CRITICAL - 2023-05-17 07:20:53 --> Unable to connect to the database.
Main connection [MySQLi]: No such file or directory
in SYSTEMPATH/Database/BaseConnection.php on line 427.
 1 SYSTEMPATH/Database/BaseConnection.php(574): CodeIgniter\Database\BaseConnection->initialize()
 2 SYSTEMPATH/Database/BaseBuilder.php(1616): CodeIgniter\Database\BaseConnection->query('SELECT *
FROM `member`', [], false)
 3 SYSTEMPATH/Model.php(241): CodeIgniter\Database\BaseBuilder->get()
 4 SYSTEMPATH/BaseModel.php(618): CodeIgniter\Model->doFindAll(0, 0)
 5 APPPATH/Models/MemberModel.php(16): CodeIgniter\BaseModel->findAll()
 6 APPPATH/Controllers/Member.php(15): App\Models\MemberModel->getMember()
 7 SYSTEMPATH/CodeIgniter.php(934): App\Controllers\Member->index()
 8 SYSTEMPATH/CodeIgniter.php(499): CodeIgniter\CodeIgniter->runController(Object(App\Controllers\Member))
 9 SYSTEMPATH/CodeIgniter.php(368): CodeIgniter\CodeIgniter->handleRequest(null, Object(Config\Cache), false)
10 FCPATH/index.php(67): CodeIgniter\CodeIgniter->run()
11 SYSTEMPATH/Commands/Server/rewrite.php(47): require_once('/Users/shenyuting/moneyKeeper/public/index.php')
INFO - 2023-05-17 07:21:21 --> CSRF token verified.
INFO - 2023-05-17 07:21:32 --> CSRF token verified.
CRITICAL - 2023-05-17 07:21:32 --> Call to undefined method App\Controllers\Members::where()
in APPPATH/Controllers/Members.php on line 70.
 1 SYSTEMPATH/CodeIgniter.php(934): App\Controllers\Members->register()
 2 SYSTEMPATH/CodeIgniter.php(499): CodeIgniter\CodeIgniter->runController(Object(App\Controllers\Members))
 3 SYSTEMPATH/CodeIgniter.php(368): CodeIgniter\CodeIgniter->handleRequest(null, Object(Config\Cache), false)
 4 FCPATH/index.php(67): CodeIgniter\CodeIgniter->run()
 5 SYSTEMPATH/Commands/Server/rewrite.php(47): require_once('/Users/shenyuting/moneyKeeper/public/index.php')
INFO - 2023-05-17 07:28:41 --> CSRF token verified.
CRITICAL - 2023-05-17 07:28:41 --> Call to undefined method App\Controllers\Members::where()
in APPPATH/Controllers/Members.php on line 71.
 1 SYSTEMPATH/CodeIgniter.php(934): App\Controllers\Members->register()
 2 SYSTEMPATH/CodeIgniter.php(499): CodeIgniter\CodeIgniter->runController(Object(App\Controllers\Members))
 3 SYSTEMPATH/CodeIgniter.php(368): CodeIgniter\CodeIgniter->handleRequest(null, Object(Config\Cache), false)
 4 FCPATH/index.php(67): CodeIgniter\CodeIgniter->run()
 5 SYSTEMPATH/Commands/Server/rewrite.php(47): require_once('/Users/shenyuting/moneyKeeper/public/index.php')
INFO - 2023-05-17 07:28:57 --> CSRF token verified.
CRITICAL - 2023-05-17 07:28:57 --> Call to undefined method App\Controllers\Members::where()
in APPPATH/Controllers/Members.php on line 71.
 1 SYSTEMPATH/CodeIgniter.php(934): App\Controllers\Members->register()
 2 SYSTEMPATH/CodeIgniter.php(499): CodeIgniter\CodeIgniter->runController(Object(App\Controllers\Members))
 3 SYSTEMPATH/CodeIgniter.php(368): CodeIgniter\CodeIgniter->handleRequest(null, Object(Config\Cache), false)
 4 FCPATH/index.php(67): CodeIgniter\CodeIgniter->run()
 5 SYSTEMPATH/Commands/Server/rewrite.php(47): require_once('/Users/shenyuting/moneyKeeper/public/index.php')
INFO - 2023-05-17 08:12:33 --> CSRF token verified.
CRITICAL - 2023-05-17 08:12:33 --> Call to undefined method App\Controllers\Members::where()
in APPPATH/Controllers/Members.php on line 71.
 1 SYSTEMPATH/CodeIgniter.php(934): App\Controllers\Members->register()
 2 SYSTEMPATH/CodeIgniter.php(499): CodeIgniter\CodeIgniter->runController(Object(App\Controllers\Members))
 3 SYSTEMPATH/CodeIgniter.php(368): CodeIgniter\CodeIgniter->handleRequest(null, Object(Config\Cache), false)
 4 FCPATH/index.php(67): CodeIgniter\CodeIgniter->run()
 5 SYSTEMPATH/Commands/Server/rewrite.php(47): require_once('/Users/shenyuting/moneyKeeper/public/index.php')
INFO - 2023-05-17 08:13:19 --> CSRF token verified.
INFO - 2023-05-17 08:13:23 --> CSRF token verified.
INFO - 2023-05-17 08:13:27 --> CSRF token verified.
INFO - 2023-05-17 08:13:36 --> CSRF token verified.
CRITICAL - 2023-05-17 08:13:36 --> Call to undefined method App\Controllers\Members::where()
in APPPATH/Controllers/Members.php on line 71.
 1 SYSTEMPATH/CodeIgniter.php(934): App\Controllers\Members->register()
 2 SYSTEMPATH/CodeIgniter.php(499): CodeIgniter\CodeIgniter->runController(Object(App\Controllers\Members))
 3 SYSTEMPATH/CodeIgniter.php(368): CodeIgniter\CodeIgniter->handleRequest(null, Object(Config\Cache), false)
 4 FCPATH/index.php(67): CodeIgniter\CodeIgniter->run()
 5 SYSTEMPATH/Commands/Server/rewrite.php(47): require_once('/Users/shenyuting/moneyKeeper/public/index.php')
INFO - 2023-05-17 08:13:47 --> CSRF token verified.
CRITICAL - 2023-05-17 08:14:23 --> The action you requested is not allowed.
in SYSTEMPATH/Security/Security.php on line 306.
 1 SYSTEMPATH/Security/Security.php(306): CodeIgniter\Security\Exceptions\SecurityException::forDisallowedAction()
 2 SYSTEMPATH/Filters/CSRF.php(55): CodeIgniter\Security\Security->verify(Object(CodeIgniter\HTTP\IncomingRequest))
 3 SYSTEMPATH/Filters/Filters.php(173): CodeIgniter\Filters\CSRF->before(Object(CodeIgniter\HTTP\IncomingRequest), null)
 4 SYSTEMPATH/CodeIgniter.php(473): CodeIgniter\Filters\Filters->run('members/register', 'before')
 5 SYSTEMPATH/CodeIgniter.php(368): CodeIgniter\CodeIgniter->handleRequest(null, Object(Config\Cache), false)
 6 FCPATH/index.php(67): CodeIgniter\CodeIgniter->run()
 7 SYSTEMPATH/Commands/Server/rewrite.php(47): require_once('/Users/shenyuting/moneyKeeper/public/index.php')
INFO - 2023-05-17 08:31:17 --> CSRF token verified.
CRITICAL - 2023-05-17 08:31:17 --> Call to undefined method App\Controllers\Members::where()
in APPPATH/Controllers/Members.php on line 71.
 1 SYSTEMPATH/CodeIgniter.php(934): App\Controllers\Members->register()
 2 SYSTEMPATH/CodeIgniter.php(499): CodeIgniter\CodeIgniter->runController(Object(App\Controllers\Members))
 3 SYSTEMPATH/CodeIgniter.php(368): CodeIgniter\CodeIgniter->handleRequest(null, Object(Config\Cache), false)
 4 FCPATH/index.php(67): CodeIgniter\CodeIgniter->run()
 5 SYSTEMPATH/Commands/Server/rewrite.php(47): require_once('/Users/shenyuting/moneyKeeper/public/index.php')
INFO - 2023-05-17 08:32:23 --> CSRF token verified.
ERROR - 2023-05-17 08:32:23 --> Error connecting to the database: mysqli_sql_exception: No such file or directory in /Users/shenyuting/moneyKeeper/vendor/codeigniter4/framework/system/Database/MySQLi/Connection.php:174
Stack trace:
#0 /Users/shenyuting/moneyKeeper/vendor/codeigniter4/framework/system/Database/MySQLi/Connection.php(174): mysqli->real_connect('localhost', 'root', '', 'moneyKeeper', 3306, '', 0)
#1 /Users/shenyuting/moneyKeeper/vendor/codeigniter4/framework/system/Database/BaseConnection.php(391): CodeIgniter\Database\MySQLi\Connection->connect(false)
#2 /Users/shenyuting/moneyKeeper/vendor/codeigniter4/framework/system/Database/BaseConnection.php(574): CodeIgniter\Database\BaseConnection->initialize()
#3 /Users/shenyuting/moneyKeeper/vendor/codeigniter4/framework/system/Database/BaseBuilder.php(2309): CodeIgniter\Database\BaseConnection->query('INSERT INTO `me...', Array, false)
#4 /Users/shenyuting/moneyKeeper/vendor/codeigniter4/framework/system/Model.php(330): CodeIgniter\Database\BaseBuilder->insert()
#5 /Users/shenyuting/moneyKeeper/vendor/codeigniter4/framework/system/BaseModel.php(782): CodeIgniter\Model->doInsert(Array)
#6 /Users/shenyuting/moneyKeeper/vendor/codeigniter4/framework/system/Model.php(730): CodeIgniter\BaseModel->insert(Array, false)
#7 /Users/shenyuting/moneyKeeper/vendor/codeigniter4/framework/system/BaseModel.php(692): CodeIgniter\Model->insert(Array, false)
#8 /Users/shenyuting/moneyKeeper/app/Controllers/Members.php(51): CodeIgniter\BaseModel->save(Array)
#9 /Users/shenyuting/moneyKeeper/vendor/codeigniter4/framework/system/CodeIgniter.php(934): App\Controllers\Members->register()
#10 /Users/shenyuting/moneyKeeper/vendor/codeigniter4/framework/system/CodeIgniter.php(499): CodeIgniter\CodeIgniter->runController(Object(App\Controllers\Members))
#11 /Users/shenyuting/moneyKeeper/vendor/codeigniter4/framework/system/CodeIgniter.php(368): CodeIgniter\CodeIgniter->handleRequest(NULL, Object(Config\Cache), false)
#12 /Users/shenyuting/moneyKeeper/public/index.php(67): CodeIgniter\CodeIgniter->run()
#13 /Users/shenyuting/moneyKeeper/vendor/codeigniter4/framework/system/Commands/Server/rewrite.php(47): require_once('/Users/shenyuti...')
#14 {main}

Next CodeIgniter\Database\Exceptions\DatabaseException: No such file or directory in /Users/shenyuting/moneyKeeper/vendor/codeigniter4/framework/system/Database/MySQLi/Connection.php:218
Stack trace:
#0 /Users/shenyuting/moneyKeeper/vendor/codeigniter4/framework/system/Database/BaseConnection.php(391): CodeIgniter\Database\MySQLi\Connection->connect(false)
#1 /Users/shenyuting/moneyKeeper/vendor/codeigniter4/framework/system/Database/BaseConnection.php(574): CodeIgniter\Database\BaseConnection->initialize()
#2 /Users/shenyuting/moneyKeeper/vendor/codeigniter4/framework/system/Database/BaseBuilder.php(2309): CodeIgniter\Database\BaseConnection->query('INSERT INTO `me...', Array, false)
#3 /Users/shenyuting/moneyKeeper/vendor/codeigniter4/framework/system/Model.php(330): CodeIgniter\Database\BaseBuilder->insert()
#4 /Users/shenyuting/moneyKeeper/vendor/codeigniter4/framework/system/BaseModel.php(782): CodeIgniter\Model->doInsert(Array)
#5 /Users/shenyuting/moneyKeeper/vendor/codeigniter4/framework/system/Model.php(730): CodeIgniter\BaseModel->insert(Array, false)
#6 /Users/shenyuting/moneyKeeper/vendor/codeigniter4/framework/system/BaseModel.php(692): CodeIgniter\Model->insert(Array, false)
#7 /Users/shenyuting/moneyKeeper/app/Controllers/Members.php(51): CodeIgniter\BaseModel->save(Array)
#8 /Users/shenyuting/moneyKeeper/vendor/codeigniter4/framework/system/CodeIgniter.php(934): App\Controllers\Members->register()
#9 /Users/shenyuting/moneyKeeper/vendor/codeigniter4/framework/system/CodeIgniter.php(499): CodeIgniter\CodeIgniter->runController(Object(App\Controllers\Members))
#10 /Users/shenyuting/moneyKeeper/vendor/codeigniter4/framework/system/CodeIgniter.php(368): CodeIgniter\CodeIgniter->handleRequest(NULL, Object(Config\Cache), false)
#11 /Users/shenyuting/moneyKeeper/public/index.php(67): CodeIgniter\CodeIgniter->run()
#12 /Users/shenyuting/moneyKeeper/vendor/codeigniter4/framework/system/Commands/Server/rewrite.php(47): require_once('/Users/shenyuti...')
#13 {main}
CRITICAL - 2023-05-17 08:32:23 --> Unable to connect to the database.
Main connection [MySQLi]: No such file or directory
in SYSTEMPATH/Database/BaseConnection.php on line 427.
 1 SYSTEMPATH/Database/BaseConnection.php(574): CodeIgniter\Database\BaseConnection->initialize()
 2 SYSTEMPATH/Database/BaseBuilder.php(2309): CodeIgniter\Database\BaseConnection->query('INSERT INTO `members` (`firstName`, `lastName`, `email`, `password`) VALUES (:firstName:, :lastName:, :email:, :password:)', [...], false)
 3 SYSTEMPATH/Model.php(330): CodeIgniter\Database\BaseBuilder->insert()
 4 SYSTEMPATH/BaseModel.php(782): CodeIgniter\Model->doInsert([...])
 5 SYSTEMPATH/Model.php(730): CodeIgniter\BaseModel->insert([...], false)
 6 SYSTEMPATH/BaseModel.php(692): CodeIgniter\Model->insert([...], false)
 7 APPPATH/Controllers/Members.php(51): CodeIgniter\BaseModel->save([...])
 8 SYSTEMPATH/CodeIgniter.php(934): App\Controllers\Members->register()
 9 SYSTEMPATH/CodeIgniter.php(499): CodeIgniter\CodeIgniter->runController(Object(App\Controllers\Members))
10 SYSTEMPATH/CodeIgniter.php(368): CodeIgniter\CodeIgniter->handleRequest(null, Object(Config\Cache), false)
11 FCPATH/index.php(67): CodeIgniter\CodeIgniter->run()
12 SYSTEMPATH/Commands/Server/rewrite.php(47): require_once('/Users/shenyuting/moneyKeeper/public/index.php')
INFO - 2023-05-17 09:23:00 --> CSRF token verified.
