INFO - 2023-05-03 02:29:54 --> CSRF token verified.
INFO - 2023-05-03 02:29:59 --> CSRF token verified.
INFO - 2023-05-03 02:30:05 --> CSRF token verified.
CRITICAL - 2023-05-03 03:08:13 --> Invalid file: "member/overview.php"
in SYSTEMPATH/Exceptions/FrameworkException.php on line 33.
 1 SYSTEMPATH/View/View.php(201): CodeIgniter\Exceptions\FrameworkException::forInvalidFile('member/overview.php')
 2 SYSTEMPATH/Common.php(1184): CodeIgniter\View\View->render('member/overview', [], true)
 3 APPPATH/Controllers/Member.php(20): view('member/overview')
 4 SYSTEMPATH/CodeIgniter.php(934): App\Controllers\Member->index()
 5 SYSTEMPATH/CodeIgniter.php(499): CodeIgniter\CodeIgniter->runController(Object(App\Controllers\Member))
 6 SYSTEMPATH/CodeIgniter.php(368): CodeIgniter\CodeIgniter->handleRequest(null, Object(Config\Cache), false)
 7 FCPATH/index.php(67): CodeIgniter\CodeIgniter->run()
 8 SYSTEMPATH/Commands/Server/rewrite.php(47): require_once('/Users/shenyuting/moneyKeeper_Project/public/index.php')
CRITICAL - 2023-05-03 03:09:04 --> Invalid file: "member/create.php"
in SYSTEMPATH/Exceptions/FrameworkException.php on line 33.
 1 SYSTEMPATH/View/View.php(201): CodeIgniter\Exceptions\FrameworkException::forInvalidFile('member/create.php')
 2 SYSTEMPATH/Common.php(1184): CodeIgniter\View\View->render('member/create', [], true)
 3 APPPATH/Controllers/Member.php(60): view('member/create')
 4 SYSTEMPATH/CodeIgniter.php(934): App\Controllers\Member->create()
 5 SYSTEMPATH/CodeIgniter.php(499): CodeIgniter\CodeIgniter->runController(Object(App\Controllers\Member))
 6 SYSTEMPATH/CodeIgniter.php(368): CodeIgniter\CodeIgniter->handleRequest(null, Object(Config\Cache), false)
 7 FCPATH/index.php(67): CodeIgniter\CodeIgniter->run()
 8 SYSTEMPATH/Commands/Server/rewrite.php(47): require_once('/Users/shenyuting/moneyKeeper_Project/public/index.php')
CRITICAL - 2023-05-03 03:17:44 --> Call to a member function getMember() on null
in APPPATH/Controllers/Member.php on line 15.
 1 SYSTEMPATH/CodeIgniter.php(934): App\Controllers\Member->index()
 2 SYSTEMPATH/CodeIgniter.php(499): CodeIgniter\CodeIgniter->runController(Object(App\Controllers\Member))
 3 SYSTEMPATH/CodeIgniter.php(368): CodeIgniter\CodeIgniter->handleRequest(null, Object(Config\Cache), false)
 4 FCPATH/index.php(67): CodeIgniter\CodeIgniter->run()
 5 SYSTEMPATH/Commands/Server/rewrite.php(47): require_once('/Users/shenyuting/moneyKeeper_Project/public/index.php')
CRITICAL - 2023-05-03 03:19:06 --> Invalid file: "member/overview.php"
in SYSTEMPATH/Exceptions/FrameworkException.php on line 33.
 1 SYSTEMPATH/View/View.php(201): CodeIgniter\Exceptions\FrameworkException::forInvalidFile('member/overview.php')
 2 SYSTEMPATH/Common.php(1184): CodeIgniter\View\View->render('member/overview', [], true)
 3 APPPATH/Controllers/Member.php(20): view('member/overview')
 4 SYSTEMPATH/CodeIgniter.php(934): App\Controllers\Member->index()
 5 SYSTEMPATH/CodeIgniter.php(499): CodeIgniter\CodeIgniter->runController(Object(App\Controllers\Member))
 6 SYSTEMPATH/CodeIgniter.php(368): CodeIgniter\CodeIgniter->handleRequest(null, Object(Config\Cache), false)
 7 FCPATH/index.php(67): CodeIgniter\CodeIgniter->run()
 8 SYSTEMPATH/Commands/Server/rewrite.php(47): require_once('/Users/shenyuting/moneyKeeper_Project/public/index.php')
CRITICAL - 2023-05-03 03:21:51 --> Invalid file: "member/create.php"
in SYSTEMPATH/Exceptions/FrameworkException.php on line 33.
 1 SYSTEMPATH/View/View.php(201): CodeIgniter\Exceptions\FrameworkException::forInvalidFile('member/create.php')
 2 SYSTEMPATH/Common.php(1184): CodeIgniter\View\View->render('member/create', [], true)
 3 APPPATH/Controllers/Member.php(43): view('member/create')
 4 SYSTEMPATH/CodeIgniter.php(934): App\Controllers\Member->create()
 5 SYSTEMPATH/CodeIgniter.php(499): CodeIgniter\CodeIgniter->runController(Object(App\Controllers\Member))
 6 SYSTEMPATH/CodeIgniter.php(368): CodeIgniter\CodeIgniter->handleRequest(null, Object(Config\Cache), false)
 7 FCPATH/index.php(67): CodeIgniter\CodeIgniter->run()
 8 SYSTEMPATH/Commands/Server/rewrite.php(47): require_once('/Users/shenyuting/moneyKeeper_Project/public/index.php')
CRITICAL - 2023-05-03 03:25:49 --> Invalid file: "member/overview.php"
in SYSTEMPATH/Exceptions/FrameworkException.php on line 33.
 1 SYSTEMPATH/View/View.php(201): CodeIgniter\Exceptions\FrameworkException::forInvalidFile('member/overview.php')
 2 SYSTEMPATH/Common.php(1184): CodeIgniter\View\View->render('member/overview', [], true)
 3 APPPATH/Controllers/Member.php(20): view('member/overview')
 4 SYSTEMPATH/CodeIgniter.php(934): App\Controllers\Member->index()
 5 SYSTEMPATH/CodeIgniter.php(499): CodeIgniter\CodeIgniter->runController(Object(App\Controllers\Member))
 6 SYSTEMPATH/CodeIgniter.php(368): CodeIgniter\CodeIgniter->handleRequest(null, Object(Config\Cache), false)
 7 FCPATH/index.php(67): CodeIgniter\CodeIgniter->run()
 8 SYSTEMPATH/Commands/Server/rewrite.php(47): require_once('/Users/shenyuting/moneyKeeper_Project/public/index.php')
INFO - 2023-05-03 03:39:39 --> CSRF token verified.
INFO - 2023-05-03 03:42:56 --> CSRF token verified.
INFO - 2023-05-03 03:43:49 --> CSRF token verified.
CRITICAL - 2023-05-03 03:49:09 --> Call to undefined method App\Models\NewsModel::getMember
in SYSTEMPATH/Model.php on line 842.
 1 APPPATH/Controllers/Member.php(15): CodeIgniter\Model->__call('getMember', [])
 2 SYSTEMPATH/CodeIgniter.php(934): App\Controllers\Member->index()
 3 SYSTEMPATH/CodeIgniter.php(499): CodeIgniter\CodeIgniter->runController(Object(App\Controllers\Member))
 4 SYSTEMPATH/CodeIgniter.php(368): CodeIgniter\CodeIgniter->handleRequest(null, Object(Config\Cache), false)
 5 FCPATH/index.php(67): CodeIgniter\CodeIgniter->run()
 6 SYSTEMPATH/Commands/Server/rewrite.php(47): require_once('/Users/shenyuting/moneyKeeper_Project/public/index.php')
CRITICAL - 2023-05-03 07:38:50 --> The action you requested is not allowed.
in SYSTEMPATH/Security/Security.php on line 306.
 1 SYSTEMPATH/Security/Security.php(306): CodeIgniter\Security\Exceptions\SecurityException::forDisallowedAction()
 2 SYSTEMPATH/Filters/CSRF.php(55): CodeIgniter\Security\Security->verify(Object(CodeIgniter\HTTP\IncomingRequest))
 3 SYSTEMPATH/Filters/Filters.php(173): CodeIgniter\Filters\CSRF->before(Object(CodeIgniter\HTTP\IncomingRequest), null)
 4 SYSTEMPATH/CodeIgniter.php(473): CodeIgniter\Filters\Filters->run('member/create', 'before')
 5 SYSTEMPATH/CodeIgniter.php(368): CodeIgniter\CodeIgniter->handleRequest(null, Object(Config\Cache), false)
 6 FCPATH/index.php(67): CodeIgniter\CodeIgniter->run()
 7 SYSTEMPATH/Commands/Server/rewrite.php(47): require_once('/Users/shenyuting/moneyKeeper_Project/public/index.php')
CRITICAL - 2023-05-03 08:02:51 --> The action you requested is not allowed.
in SYSTEMPATH/Security/Security.php on line 306.
 1 SYSTEMPATH/Security/Security.php(306): CodeIgniter\Security\Exceptions\SecurityException::forDisallowedAction()
 2 SYSTEMPATH/Filters/CSRF.php(55): CodeIgniter\Security\Security->verify(Object(CodeIgniter\HTTP\IncomingRequest))
 3 SYSTEMPATH/Filters/Filters.php(173): CodeIgniter\Filters\CSRF->before(Object(CodeIgniter\HTTP\IncomingRequest), null)
 4 SYSTEMPATH/CodeIgniter.php(473): CodeIgniter\Filters\Filters->run('member/create', 'before')
 5 SYSTEMPATH/CodeIgniter.php(368): CodeIgniter\CodeIgniter->handleRequest(null, Object(Config\Cache), false)
 6 FCPATH/index.php(67): CodeIgniter\CodeIgniter->run()
 7 SYSTEMPATH/Commands/Server/rewrite.php(47): require_once('/Users/shenyuting/moneyKeeper_Project/public/index.php')
CRITICAL - 2023-05-03 08:03:54 --> Call to undefined method App\Models\NewsModel::getMember
in SYSTEMPATH/Model.php on line 842.
 1 APPPATH/Controllers/Member.php(15): CodeIgniter\Model->__call('getMember', [])
 2 SYSTEMPATH/CodeIgniter.php(934): App\Controllers\Member->index()
 3 SYSTEMPATH/CodeIgniter.php(499): CodeIgniter\CodeIgniter->runController(Object(App\Controllers\Member))
 4 SYSTEMPATH/CodeIgniter.php(368): CodeIgniter\CodeIgniter->handleRequest(null, Object(Config\Cache), false)
 5 FCPATH/index.php(67): CodeIgniter\CodeIgniter->run()
 6 SYSTEMPATH/Commands/Server/rewrite.php(47): require_once('/Users/shenyuting/moneyKeeper_Project/public/index.php')
