CRITICAL - 2023-05-22 02:36:53 --> Invalid file: "vendor/js/sb-admin-2.min.js"
in SYSTEMPATH/Exceptions/FrameworkException.php on line 33.
 1 SYSTEMPATH/View/View.php(201): CodeIgniter\Exceptions\FrameworkException::forInvalidFile('vendor/js/sb-admin-2.min.js')
 2 SYSTEMPATH/View/View.php(431): CodeIgniter\View\View->render('vendor/js/sb-admin-2.min.js', null, true)
 3 APPPATH/Views/members/register.php(106): CodeIgniter\View\View->include('vendor/js/sb-admin-2.min.js')
 4 SYSTEMPATH/View/View.php(213): include('/Users/shenyuting/moneyKeeper/app/Views/members/register.php')
 5 SYSTEMPATH/View/View.php(216): CodeIgniter\View\View->CodeIgniter\View\{closure}()
 6 SYSTEMPATH/Common.php(1184): CodeIgniter\View\View->render('members/register', [], true)
 7 APPPATH/Controllers/Members.php(24): view('members/register')
 8 SYSTEMPATH/CodeIgniter.php(934): App\Controllers\Members->register()
 9 SYSTEMPATH/CodeIgniter.php(499): CodeIgniter\CodeIgniter->runController(Object(App\Controllers\Members))
10 SYSTEMPATH/CodeIgniter.php(368): CodeIgniter\CodeIgniter->handleRequest(null, Object(Config\Cache), false)
11 FCPATH/index.php(67): CodeIgniter\CodeIgniter->run()
12 SYSTEMPATH/Commands/Server/rewrite.php(47): require_once('/Users/shenyuting/moneyKeeper/public/index.php')
CRITICAL - 2023-05-22 02:37:15 --> Invalid file: "vendor/js/sb-admin-2.min.js"
in SYSTEMPATH/Exceptions/FrameworkException.php on line 33.
 1 SYSTEMPATH/View/View.php(201): CodeIgniter\Exceptions\FrameworkException::forInvalidFile('vendor/js/sb-admin-2.min.js')
 2 SYSTEMPATH/View/View.php(431): CodeIgniter\View\View->render('vendor/js/sb-admin-2.min.js', null, true)
 3 APPPATH/Views/members/register.php(106): CodeIgniter\View\View->include('vendor/js/sb-admin-2.min.js')
 4 SYSTEMPATH/View/View.php(213): include('/Users/shenyuting/moneyKeeper/app/Views/members/register.php')
 5 SYSTEMPATH/View/View.php(216): CodeIgniter\View\View->CodeIgniter\View\{closure}()
 6 SYSTEMPATH/Common.php(1184): CodeIgniter\View\View->render('members/register', [], true)
 7 APPPATH/Controllers/Members.php(24): view('members/register')
 8 SYSTEMPATH/CodeIgniter.php(934): App\Controllers\Members->register()
 9 SYSTEMPATH/CodeIgniter.php(499): CodeIgniter\CodeIgniter->runController(Object(App\Controllers\Members))
10 SYSTEMPATH/CodeIgniter.php(368): CodeIgniter\CodeIgniter->handleRequest(null, Object(Config\Cache), false)
11 FCPATH/index.php(67): CodeIgniter\CodeIgniter->run()
12 SYSTEMPATH/Commands/Server/rewrite.php(47): require_once('/Users/shenyuting/moneyKeeper/public/index.php')
CRITICAL - 2023-05-22 02:40:54 --> Invalid file: "vendor/js/sb-admin-2.min"
in SYSTEMPATH/Exceptions/FrameworkException.php on line 33.
 1 SYSTEMPATH/View/View.php(201): CodeIgniter\Exceptions\FrameworkException::forInvalidFile('vendor/js/sb-admin-2.min')
 2 SYSTEMPATH/View/View.php(431): CodeIgniter\View\View->render('vendor/js/sb-admin-2.min', null, true)
 3 APPPATH/Views/members/register.php(106): CodeIgniter\View\View->include('vendor/js/sb-admin-2.min')
 4 SYSTEMPATH/View/View.php(213): include('/Users/shenyuting/moneyKeeper/app/Views/members/register.php')
 5 SYSTEMPATH/View/View.php(216): CodeIgniter\View\View->CodeIgniter\View\{closure}()
 6 SYSTEMPATH/Common.php(1184): CodeIgniter\View\View->render('members/register', [], true)
 7 APPPATH/Controllers/Members.php(24): view('members/register')
 8 SYSTEMPATH/CodeIgniter.php(934): App\Controllers\Members->register()
 9 SYSTEMPATH/CodeIgniter.php(499): CodeIgniter\CodeIgniter->runController(Object(App\Controllers\Members))
10 SYSTEMPATH/CodeIgniter.php(368): CodeIgniter\CodeIgniter->handleRequest(null, Object(Config\Cache), false)
11 FCPATH/index.php(67): CodeIgniter\CodeIgniter->run()
12 SYSTEMPATH/Commands/Server/rewrite.php(47): require_once('/Users/shenyuting/moneyKeeper/public/index.php')
